#
# There is insufficient memory for the Java Runtime Environment to continue.
# Native memory allocation (malloc) failed to allocate 1988496 bytes for Chunk::new
# Possible reasons:
#   The system is out of physical RAM or swap space
#   The process is running with CompressedOops enabled, and the Java Heap may be blocking the growth of the native heap
# Possible solutions:
#   Reduce memory load on the system
#   Increase physical memory or swap space
#   Check if swap backing store is full
#   Decrease Java heap size (-Xmx/-Xms)
#   Decrease number of Java threads
#   Decrease Java thread stack sizes (-Xss)
#   Set larger code cache with -XX:ReservedCodeCacheSize=
#   JVM is running with Unscaled Compressed Oops mode in which the Java heap is
#     placed in the first 4GB address space. The Java Heap base address is the
#     maximum limit for the native heap growth. Please use -XX:HeapBaseMinAddress
#     to set the Java Heap base and to place the Java Heap above 4GB virtual address.
# This output file may be truncated or incomplete.
#
#  Out of Memory Error (./src/hotspot/share/memory/arena.cpp:197), pid=6336, tid=5956
#
# JRE version: OpenJDK Runtime Environment (11.0.13) (build 11.0.13+0-b1751.21-8125866)
# Java VM: OpenJDK 64-Bit Server VM (11.0.13+0-b1751.21-8125866, mixed mode, tiered, compressed oops, g1 gc, windows-amd64)
# No core dump will be written. Minidumps are not enabled by default on client versions of Windows
#

---------------  S U M M A R Y ------------

Command Line: --add-opens=java.base/java.util=ALL-UNNAMED --add-opens=java.base/java.lang=ALL-UNNAMED --add-opens=java.base/java.lang.invoke=ALL-UNNAMED --add-opens=java.base/java.util=ALL-UNNAMED --add-opens=java.prefs/java.util.prefs=ALL-UNNAMED --add-opens=java.prefs/java.util.prefs=ALL-UNNAMED --add-opens=java.base/java.nio.charset=ALL-UNNAMED --add-opens=java.base/java.net=ALL-UNNAMED --add-opens=java.base/java.util.concurrent.atomic=ALL-UNNAMED -Xmx2048m -Dfile.encoding=UTF-8 -Duser.country=US -Duser.language=en -Duser.variant org.gradle.launcher.daemon.bootstrap.GradleDaemon 7.4

Host: Intel(R) Core(TM) i5-8300H CPU @ 2.30GHz, 8 cores, 15G,  Windows 10 , 64 bit Build 18362 (10.0.18362.2274)
Time: Wed Nov  2 23:04:01 2022 SE Asia Standard Time elapsed time: 40.019495 seconds (0d 0h 0m 40s)

---------------  T H R E A D  ---------------

Current thread (0x00000201a6b14800):  JavaThread "C2 CompilerThread1" daemon [_thread_in_native, id=5956, stack(0x0000006b0d900000,0x0000006b0da00000)]


Current CompileTask:
C2:  40019 12365       4       org.gradle.tooling.internal.adapter.ProtocolToModelAdapter$SupportedPropertyInvoker::invoke (154 bytes)

Stack: [0x0000006b0d900000,0x0000006b0da00000]
Native frames: (J=compiled Java code, j=interpreted, Vv=VM code, C=native code)
V  [jvm.dll+0x6100fa]
V  [jvm.dll+0x747090]
V  [jvm.dll+0x7486ad]
V  [jvm.dll+0x748d83]
V  [jvm.dll+0x24ab48]
V  [jvm.dll+0xc04dc]
V  [jvm.dll+0xc0a0c]
V  [jvm.dll+0x35eb9d]
V  [jvm.dll+0x32b833]
V  [jvm.dll+0x32ad2a]
V  [jvm.dll+0x2032b2]
V  [jvm.dll+0x202437]
V  [jvm.dll+0x188e01]
V  [jvm.dll+0x21106b]
V  [jvm.dll+0x20f8c1]
V  [jvm.dll+0x70de0f]
V  [jvm.dll+0x706a75]
V  [jvm.dll+0x60ed66]
C  [ucrtbase.dll+0x210b2]
C  [KERNEL32.DLL+0x17c24]
C  [ntdll.dll+0x6d721]


---------------  P R O C E S S  ---------------

Threads class SMR info:
_java_thread_list=0x00000201a90114f0, length=127, elements={
0x00000201819bc000, 0x000002019de6a000, 0x000002019de73800, 0x000002019e753800,
0x000002019e754000, 0x000002019e758800, 0x000002019e75d800, 0x000002019e761800,
0x000002019e764800, 0x000002019e8ce000, 0x00000201a0703800, 0x00000201a12e8800,
0x00000201a0b3b800, 0x00000201a0001800, 0x000002019f780000, 0x00000201a01ec000,
0x00000201a0a03000, 0x00000201a0a97000, 0x000002019f9eb000, 0x000002019f9ec000,
0x00000201a0fe0000, 0x00000201a0fe2000, 0x00000201a0fe1000, 0x00000201a0fde800,
0x00000201a0fe3800, 0x00000201a0fe2800, 0x00000201a0fe4800, 0x00000201a0fe5000,
0x00000201a0fdf800, 0x00000201a3c87000, 0x00000201a3c88000, 0x00000201a3c89000,
0x00000201a3c84800, 0x00000201a3c89800, 0x00000201a3c84000, 0x00000201a3c8a800,
0x00000201a3c8b000, 0x00000201a3c85800, 0x00000201a3c8c000, 0x00000201a3c8d000,
0x00000201a3c8e800, 0x00000201a3c8f800, 0x00000201a3c91000, 0x00000201a3c92000,
0x00000201a3c90000, 0x00000201a3c8d800, 0x00000201a3c92800, 0x00000201a5a0e800,
0x00000201a5a0c800, 0x00000201a5a08800, 0x00000201a5a09800, 0x00000201a5a0d800,
0x00000201a5a0f000, 0x00000201a5a10000, 0x00000201a5a0a800, 0x00000201a5a11000,
0x00000201a5a0b000, 0x00000201a5a0c000, 0x00000201a5a11800, 0x00000201a5a12800,
0x00000201a5a16800, 0x00000201a5a15000, 0x00000201a5a17800, 0x00000201a5a13800,
0x00000201a5a14000, 0x00000201a5a15800, 0x00000201a1a4b800, 0x00000201a1a4d800,
0x00000201a1a4c000, 0x00000201a1a4e800, 0x00000201a1a4f800, 0x00000201a1a49800,
0x00000201a1a4d000, 0x00000201a1a50000, 0x00000201a1a4a800, 0x00000201a1a54000,
0x00000201a1a56000, 0x00000201a1a52800, 0x00000201a1a52000, 0x00000201a1a56800,
0x00000201a1a53800, 0x00000201a1a51000, 0x00000201a1a58800, 0x00000201a1a55000,
0x00000201a1a57800, 0x00000201a560f800, 0x00000201a5610000, 0x00000201a5612000,
0x00000201a560c000, 0x00000201a5612800, 0x00000201a5611000, 0x00000201a560d000,
0x00000201a5613800, 0x00000201a560e000, 0x00000201a5614800, 0x00000201a560e800,
0x00000201a5618800, 0x00000201a5619000, 0x00000201a561b000, 0x00000201a5617800,
0x00000201a561a000, 0x00000201a5615000, 0x00000201a5616000, 0x00000201a5616800,
0x00000201a6033800, 0x00000201a6037000, 0x00000201a6034800, 0x00000201a6033000,
0x00000201a6032000, 0x00000201a6035800, 0x00000201a6031000, 0x00000201a6038800,
0x00000201a603a000, 0x00000201a6036000, 0x00000201a6039800, 0x00000201a603c800,
0x00000201a603b000, 0x00000201a603c000, 0x00000201a603d800, 0x00000201a6038000,
0x00000201a6040000, 0x00000201a603e800, 0x00000201a603f000, 0x00000201a4167000,
0x00000201a4164800, 0x00000201a6b14800, 0x00000201a0a14800
}

Java Threads: ( => current thread )
  0x00000201819bc000 JavaThread "main" [_thread_blocked, id=15180, stack(0x0000006b0b300000,0x0000006b0b400000)]
  0x000002019de6a000 JavaThread "Reference Handler" daemon [_thread_blocked, id=14808, stack(0x0000006b0ba00000,0x0000006b0bb00000)]
  0x000002019de73800 JavaThread "Finalizer" daemon [_thread_blocked, id=11652, stack(0x0000006b0bb00000,0x0000006b0bc00000)]
  0x000002019e753800 JavaThread "Signal Dispatcher" daemon [_thread_blocked, id=11504, stack(0x0000006b0bc00000,0x0000006b0bd00000)]
  0x000002019e754000 JavaThread "Attach Listener" daemon [_thread_blocked, id=16332, stack(0x0000006b0bd00000,0x0000006b0be00000)]
  0x000002019e758800 JavaThread "Service Thread" daemon [_thread_blocked, id=14796, stack(0x0000006b0be00000,0x0000006b0bf00000)]
  0x000002019e75d800 JavaThread "C2 CompilerThread0" daemon [_thread_blocked, id=7144, stack(0x0000006b0bf00000,0x0000006b0c000000)]
  0x000002019e761800 JavaThread "C1 CompilerThread0" daemon [_thread_blocked, id=11592, stack(0x0000006b0c000000,0x0000006b0c100000)]
  0x000002019e764800 JavaThread "Sweeper thread" daemon [_thread_blocked, id=4744, stack(0x0000006b0c100000,0x0000006b0c200000)]
  0x000002019e8ce000 JavaThread "Common-Cleaner" daemon [_thread_blocked, id=14664, stack(0x0000006b0c200000,0x0000006b0c300000)]
  0x00000201a0703800 JavaThread "Daemon health stats" [_thread_blocked, id=10688, stack(0x0000006b0ca00000,0x0000006b0cb00000)]
  0x00000201a12e8800 JavaThread "Incoming local TCP Connector on port 62879" [_thread_in_native, id=10944, stack(0x0000006b0c400000,0x0000006b0c500000)]
  0x00000201a0b3b800 JavaThread "Daemon periodic checks" [_thread_blocked, id=5140, stack(0x0000006b0cb00000,0x0000006b0cc00000)]
  0x00000201a0001800 JavaThread "Daemon" [_thread_blocked, id=15364, stack(0x0000006b0cc00000,0x0000006b0cd00000)]
  0x000002019f780000 JavaThread "Handler for socket connection from /127.0.0.1:62879 to /127.0.0.1:62880" [_thread_in_native, id=10856, stack(0x0000006b0cd00000,0x0000006b0ce00000)]
  0x00000201a01ec000 JavaThread "Cancel handler" [_thread_blocked, id=12412, stack(0x0000006b0ce00000,0x0000006b0cf00000)]
  0x00000201a0a03000 JavaThread "Daemon worker" [_thread_in_native, id=11760, stack(0x0000006b0cf00000,0x0000006b0d000000)]
  0x00000201a0a97000 JavaThread "Asynchronous log dispatcher for DefaultDaemonConnection: socket connection from /127.0.0.1:62879 to /127.0.0.1:62880" [_thread_blocked, id=14460, stack(0x0000006b0d000000,0x0000006b0d100000)]
  0x000002019f9eb000 JavaThread "Stdin handler" [_thread_blocked, id=14780, stack(0x0000006b0d100000,0x0000006b0d200000)]
  0x000002019f9ec000 JavaThread "Daemon client event forwarder" [_thread_blocked, id=3900, stack(0x0000006b0d200000,0x0000006b0d300000)]
  0x00000201a0fe0000 JavaThread "Cache worker for journal cache (C:\Users\USER\.gradle\caches\journal-1)" [_thread_blocked, id=10964, stack(0x0000006b0d300000,0x0000006b0d400000)]
  0x00000201a0fe2000 JavaThread "File lock request listener" [_thread_in_native, id=10648, stack(0x0000006b0d400000,0x0000006b0d500000)]
  0x00000201a0fe1000 JavaThread "Cache worker for file hash cache (C:\Users\USER\.gradle\caches\7.4\fileHashes)" [_thread_blocked, id=11804, stack(0x0000006b0d800000,0x0000006b0d900000)]
  0x00000201a0fde800 JavaThread "File watcher server" daemon [_thread_in_native, id=8400, stack(0x0000006b0db00000,0x0000006b0dc00000)]
  0x00000201a0fe3800 JavaThread "File watcher consumer" daemon [_thread_blocked, id=13316, stack(0x0000006b0dc00000,0x0000006b0dd00000)]
  0x00000201a0fe2800 JavaThread "jar transforms" [_thread_blocked, id=9764, stack(0x0000006b0dd00000,0x0000006b0de00000)]
  0x00000201a0fe4800 JavaThread "jar transforms Thread 2" [_thread_blocked, id=1376, stack(0x0000006b0de00000,0x0000006b0df00000)]
  0x00000201a0fe5000 JavaThread "jar transforms Thread 3" [_thread_blocked, id=15512, stack(0x0000006b0df00000,0x0000006b0e000000)]
  0x00000201a0fdf800 JavaThread "jar transforms Thread 4" [_thread_blocked, id=15464, stack(0x0000006b0e000000,0x0000006b0e100000)]
  0x00000201a3c87000 JavaThread "jar transforms Thread 5" [_thread_blocked, id=1496, stack(0x0000006b0e100000,0x0000006b0e200000)]
  0x00000201a3c88000 JavaThread "jar transforms Thread 6" [_thread_blocked, id=7204, stack(0x0000006b0e200000,0x0000006b0e300000)]
  0x00000201a3c89000 JavaThread "jar transforms Thread 7" [_thread_blocked, id=14672, stack(0x0000006b0e300000,0x0000006b0e400000)]
  0x00000201a3c84800 JavaThread "jar transforms Thread 8" [_thread_blocked, id=5244, stack(0x0000006b0e400000,0x0000006b0e500000)]
  0x00000201a3c89800 JavaThread "Cache worker for checksums cache (E:\test\.gradle\7.4\checksums)" [_thread_blocked, id=11808, stack(0x0000006b0da00000,0x0000006b0db00000)]
  0x00000201a3c84000 JavaThread "Cache worker for cache directory md-rule (C:\Users\USER\.gradle\caches\7.4\md-rule)" [_thread_blocked, id=7124, stack(0x0000006b0e500000,0x0000006b0e600000)]
  0x00000201a3c8a800 JavaThread "Cache worker for file hash cache (E:\test\.gradle\7.4\fileHashes)" [_thread_blocked, id=13404, stack(0x0000006b0e600000,0x0000006b0e700000)]
  0x00000201a3c8b000 JavaThread "Cache worker for cache directory md-supplier (C:\Users\USER\.gradle\caches\7.4\md-supplier)" [_thread_blocked, id=13096, stack(0x0000006b0e700000,0x0000006b0e800000)]
  0x00000201a3c85800 JavaThread "Cache worker for execution history cache (C:\Users\USER\.gradle\caches\7.4\executionHistory)" [_thread_blocked, id=9260, stack(0x0000006b0e800000,0x0000006b0e900000)]
  0x00000201a3c8c000 JavaThread "Cache worker for file content cache (C:\Users\USER\.gradle\caches\7.4\fileContent)" [_thread_blocked, id=916, stack(0x0000006b0ea00000,0x0000006b0eb00000)]
  0x00000201a3c8d000 JavaThread "Cache worker for dependencies-accessors (E:\test\.gradle\7.4\dependencies-accessors)" [_thread_blocked, id=16212, stack(0x0000006b0ec00000,0x0000006b0ed00000)]
  0x00000201a3c8e800 JavaThread "Cache worker for Build Output Cleanup Cache (E:\test\.gradle\buildOutputCleanup)" [_thread_blocked, id=13712, stack(0x0000006b0ed00000,0x0000006b0ee00000)]
  0x00000201a3c8f800 JavaThread "Unconstrained build operations" [_thread_blocked, id=11692, stack(0x0000006b0ee00000,0x0000006b0ef00000)]
  0x00000201a3c91000 JavaThread "Unconstrained build operations Thread 2" [_thread_blocked, id=13548, stack(0x0000006b0ef00000,0x0000006b0f000000)]
  0x00000201a3c92000 JavaThread "Unconstrained build operations Thread 3" [_thread_blocked, id=6640, stack(0x0000006b0f000000,0x0000006b0f100000)]
  0x00000201a3c90000 JavaThread "Unconstrained build operations Thread 4" [_thread_blocked, id=10700, stack(0x0000006b0f100000,0x0000006b0f200000)]
  0x00000201a3c8d800 JavaThread "Unconstrained build operations Thread 5" [_thread_blocked, id=12156, stack(0x0000006b0f200000,0x0000006b0f300000)]
  0x00000201a3c92800 JavaThread "Unconstrained build operations Thread 6" [_thread_blocked, id=12472, stack(0x0000006b0f300000,0x0000006b0f400000)]
  0x00000201a5a0e800 JavaThread "Unconstrained build operations Thread 7" [_thread_blocked, id=6908, stack(0x0000006b0f400000,0x0000006b0f500000)]
  0x00000201a5a0c800 JavaThread "Unconstrained build operations Thread 8" [_thread_blocked, id=15452, stack(0x0000006b0f500000,0x0000006b0f600000)]
  0x00000201a5a08800 JavaThread "Unconstrained build operations Thread 9" [_thread_blocked, id=14564, stack(0x0000006b0f600000,0x0000006b0f700000)]
  0x00000201a5a09800 JavaThread "Unconstrained build operations Thread 10" [_thread_blocked, id=14108, stack(0x0000006b0f700000,0x0000006b0f800000)]
  0x00000201a5a0d800 JavaThread "Unconstrained build operations Thread 11" [_thread_blocked, id=16104, stack(0x0000006b0f800000,0x0000006b0f900000)]
  0x00000201a5a0f000 JavaThread "Unconstrained build operations Thread 12" [_thread_blocked, id=9844, stack(0x0000006b0f900000,0x0000006b0fa00000)]
  0x00000201a5a10000 JavaThread "Unconstrained build operations Thread 13" [_thread_blocked, id=7064, stack(0x0000006b0fa00000,0x0000006b0fb00000)]
  0x00000201a5a0a800 JavaThread "Unconstrained build operations Thread 14" [_thread_blocked, id=12340, stack(0x0000006b0fb00000,0x0000006b0fc00000)]
  0x00000201a5a11000 JavaThread "Unconstrained build operations Thread 15" [_thread_blocked, id=13508, stack(0x0000006b0fc00000,0x0000006b0fd00000)]
  0x00000201a5a0b000 JavaThread "Unconstrained build operations Thread 16" [_thread_blocked, id=13112, stack(0x0000006b0fd00000,0x0000006b0fe00000)]
  0x00000201a5a0c000 JavaThread "Unconstrained build operations Thread 17" [_thread_blocked, id=8164, stack(0x0000006b0fe00000,0x0000006b0ff00000)]
  0x00000201a5a11800 JavaThread "Unconstrained build operations Thread 18" [_thread_blocked, id=4492, stack(0x0000006b0ff00000,0x0000006b10000000)]
  0x00000201a5a12800 JavaThread "Unconstrained build operations Thread 19" [_thread_blocked, id=9272, stack(0x0000006b10000000,0x0000006b10100000)]
  0x00000201a5a16800 JavaThread "Unconstrained build operations Thread 20" [_thread_blocked, id=14960, stack(0x0000006b10100000,0x0000006b10200000)]
  0x00000201a5a15000 JavaThread "Unconstrained build operations Thread 21" [_thread_blocked, id=4548, stack(0x0000006b10200000,0x0000006b10300000)]
  0x00000201a5a17800 JavaThread "Unconstrained build operations Thread 22" [_thread_blocked, id=11048, stack(0x0000006b10300000,0x0000006b10400000)]
  0x00000201a5a13800 JavaThread "Unconstrained build operations Thread 23" [_thread_blocked, id=8680, stack(0x0000006b10400000,0x0000006b10500000)]
  0x00000201a5a14000 JavaThread "Unconstrained build operations Thread 24" [_thread_blocked, id=14608, stack(0x0000006b10500000,0x0000006b10600000)]
  0x00000201a5a15800 JavaThread "Unconstrained build operations Thread 25" [_thread_blocked, id=5648, stack(0x0000006b10600000,0x0000006b10700000)]
  0x00000201a1a4b800 JavaThread "Unconstrained build operations Thread 26" [_thread_blocked, id=12588, stack(0x0000006b10700000,0x0000006b10800000)]
  0x00000201a1a4d800 JavaThread "Unconstrained build operations Thread 27" [_thread_blocked, id=6528, stack(0x0000006b10800000,0x0000006b10900000)]
  0x00000201a1a4c000 JavaThread "Unconstrained build operations Thread 28" [_thread_blocked, id=14252, stack(0x0000006b10900000,0x0000006b10a00000)]
  0x00000201a1a4e800 JavaThread "Unconstrained build operations Thread 29" [_thread_blocked, id=11964, stack(0x0000006b10a00000,0x0000006b10b00000)]
  0x00000201a1a4f800 JavaThread "Unconstrained build operations Thread 30" [_thread_blocked, id=9368, stack(0x0000006b10b00000,0x0000006b10c00000)]
  0x00000201a1a49800 JavaThread "Unconstrained build operations Thread 31" [_thread_blocked, id=10668, stack(0x0000006b10c00000,0x0000006b10d00000)]
  0x00000201a1a4d000 JavaThread "Unconstrained build operations Thread 32" [_thread_blocked, id=7036, stack(0x0000006b10d00000,0x0000006b10e00000)]
  0x00000201a1a50000 JavaThread "Unconstrained build operations Thread 33" [_thread_blocked, id=1636, stack(0x0000006b10e00000,0x0000006b10f00000)]
  0x00000201a1a4a800 JavaThread "Unconstrained build operations Thread 34" [_thread_blocked, id=12500, stack(0x0000006b10f00000,0x0000006b11000000)]
  0x00000201a1a54000 JavaThread "Unconstrained build operations Thread 35" [_thread_blocked, id=15456, stack(0x0000006b11000000,0x0000006b11100000)]
  0x00000201a1a56000 JavaThread "Unconstrained build operations Thread 36" [_thread_blocked, id=14704, stack(0x0000006b11100000,0x0000006b11200000)]
  0x00000201a1a52800 JavaThread "Unconstrained build operations Thread 37" [_thread_blocked, id=6716, stack(0x0000006b11200000,0x0000006b11300000)]
  0x00000201a1a52000 JavaThread "Unconstrained build operations Thread 38" [_thread_blocked, id=13924, stack(0x0000006b11300000,0x0000006b11400000)]
  0x00000201a1a56800 JavaThread "Unconstrained build operations Thread 39" [_thread_blocked, id=11236, stack(0x0000006b11400000,0x0000006b11500000)]
  0x00000201a1a53800 JavaThread "Unconstrained build operations Thread 40" [_thread_blocked, id=4788, stack(0x0000006b11500000,0x0000006b11600000)]
  0x00000201a1a51000 JavaThread "Unconstrained build operations Thread 41" [_thread_blocked, id=13268, stack(0x0000006b11600000,0x0000006b11700000)]
  0x00000201a1a58800 JavaThread "Unconstrained build operations Thread 42" [_thread_blocked, id=15636, stack(0x0000006b11700000,0x0000006b11800000)]
  0x00000201a1a55000 JavaThread "Unconstrained build operations Thread 43" [_thread_blocked, id=15560, stack(0x0000006b11800000,0x0000006b11900000)]
  0x00000201a1a57800 JavaThread "Unconstrained build operations Thread 44" [_thread_blocked, id=13496, stack(0x0000006b11900000,0x0000006b11a00000)]
  0x00000201a560f800 JavaThread "Unconstrained build operations Thread 45" [_thread_blocked, id=15376, stack(0x0000006b11a00000,0x0000006b11b00000)]
  0x00000201a5610000 JavaThread "Unconstrained build operations Thread 46" [_thread_blocked, id=14580, stack(0x0000006b11b00000,0x0000006b11c00000)]
  0x00000201a5612000 JavaThread "Unconstrained build operations Thread 47" [_thread_blocked, id=12764, stack(0x0000006b11c00000,0x0000006b11d00000)]
  0x00000201a560c000 JavaThread "Unconstrained build operations Thread 48" [_thread_blocked, id=10256, stack(0x0000006b11d00000,0x0000006b11e00000)]
  0x00000201a5612800 JavaThread "Unconstrained build operations Thread 49" [_thread_blocked, id=16136, stack(0x0000006b11e00000,0x0000006b11f00000)]
  0x00000201a5611000 JavaThread "Unconstrained build operations Thread 50" [_thread_blocked, id=11032, stack(0x0000006b11f00000,0x0000006b12000000)]
  0x00000201a560d000 JavaThread "Unconstrained build operations Thread 51" [_thread_blocked, id=12188, stack(0x0000006b12000000,0x0000006b12100000)]
  0x00000201a5613800 JavaThread "Unconstrained build operations Thread 52" [_thread_blocked, id=14468, stack(0x0000006b12100000,0x0000006b12200000)]
  0x00000201a560e000 JavaThread "Unconstrained build operations Thread 53" [_thread_blocked, id=12720, stack(0x0000006b12200000,0x0000006b12300000)]
  0x00000201a5614800 JavaThread "Unconstrained build operations Thread 54" [_thread_blocked, id=7728, stack(0x0000006b12300000,0x0000006b12400000)]
  0x00000201a560e800 JavaThread "Unconstrained build operations Thread 55" [_thread_blocked, id=15380, stack(0x0000006b12400000,0x0000006b12500000)]
  0x00000201a5618800 JavaThread "Unconstrained build operations Thread 56" [_thread_blocked, id=6884, stack(0x0000006b12500000,0x0000006b12600000)]
  0x00000201a5619000 JavaThread "Unconstrained build operations Thread 57" [_thread_blocked, id=9756, stack(0x0000006b12600000,0x0000006b12700000)]
  0x00000201a561b000 JavaThread "Unconstrained build operations Thread 58" [_thread_blocked, id=12624, stack(0x0000006b12700000,0x0000006b12800000)]
  0x00000201a5617800 JavaThread "Unconstrained build operations Thread 59" [_thread_blocked, id=712, stack(0x0000006b12800000,0x0000006b12900000)]
  0x00000201a561a000 JavaThread "Unconstrained build operations Thread 60" [_thread_blocked, id=536, stack(0x0000006b12900000,0x0000006b12a00000)]
  0x00000201a5615000 JavaThread "Unconstrained build operations Thread 61" [_thread_blocked, id=7016, stack(0x0000006b12a00000,0x0000006b12b00000)]
  0x00000201a5616000 JavaThread "Unconstrained build operations Thread 62" [_thread_blocked, id=13088, stack(0x0000006b12b00000,0x0000006b12c00000)]
  0x00000201a5616800 JavaThread "Unconstrained build operations Thread 63" [_thread_blocked, id=6012, stack(0x0000006b12c00000,0x0000006b12d00000)]
  0x00000201a6033800 JavaThread "Unconstrained build operations Thread 64" [_thread_blocked, id=10888, stack(0x0000006b12d00000,0x0000006b12e00000)]
  0x00000201a6037000 JavaThread "Unconstrained build operations Thread 65" [_thread_blocked, id=12804, stack(0x0000006b12e00000,0x0000006b12f00000)]
  0x00000201a6034800 JavaThread "Unconstrained build operations Thread 66" [_thread_blocked, id=11596, stack(0x0000006b12f00000,0x0000006b13000000)]
  0x00000201a6033000 JavaThread "Unconstrained build operations Thread 67" [_thread_blocked, id=13596, stack(0x0000006b13000000,0x0000006b13100000)]
  0x00000201a6032000 JavaThread "Unconstrained build operations Thread 68" [_thread_blocked, id=14224, stack(0x0000006b13100000,0x0000006b13200000)]
  0x00000201a6035800 JavaThread "Unconstrained build operations Thread 69" [_thread_blocked, id=6724, stack(0x0000006b13200000,0x0000006b13300000)]
  0x00000201a6031000 JavaThread "Unconstrained build operations Thread 70" [_thread_blocked, id=13804, stack(0x0000006b13300000,0x0000006b13400000)]
  0x00000201a6038800 JavaThread "Unconstrained build operations Thread 71" [_thread_blocked, id=7300, stack(0x0000006b13400000,0x0000006b13500000)]
  0x00000201a603a000 JavaThread "Unconstrained build operations Thread 72" [_thread_blocked, id=15216, stack(0x0000006b13500000,0x0000006b13600000)]
  0x00000201a6036000 JavaThread "Unconstrained build operations Thread 73" [_thread_blocked, id=11164, stack(0x0000006b13600000,0x0000006b13700000)]
  0x00000201a6039800 JavaThread "Unconstrained build operations Thread 74" [_thread_blocked, id=6348, stack(0x0000006b13700000,0x0000006b13800000)]
  0x00000201a603c800 JavaThread "Unconstrained build operations Thread 75" [_thread_blocked, id=15520, stack(0x0000006b13800000,0x0000006b13900000)]
  0x00000201a603b000 JavaThread "Unconstrained build operations Thread 76" [_thread_blocked, id=13236, stack(0x0000006b13900000,0x0000006b13a00000)]
  0x00000201a603c000 JavaThread "Unconstrained build operations Thread 77" [_thread_blocked, id=9732, stack(0x0000006b13a00000,0x0000006b13b00000)]
  0x00000201a603d800 JavaThread "Unconstrained build operations Thread 78" [_thread_blocked, id=8152, stack(0x0000006b13b00000,0x0000006b13c00000)]
  0x00000201a6038000 JavaThread "Unconstrained build operations Thread 79" [_thread_blocked, id=3092, stack(0x0000006b13c00000,0x0000006b13d00000)]
  0x00000201a6040000 JavaThread "Unconstrained build operations Thread 80" [_thread_blocked, id=6504, stack(0x0000006b13d00000,0x0000006b13e00000)]
  0x00000201a603e800 JavaThread "Memory manager" [_thread_blocked, id=2184, stack(0x0000006b13e00000,0x0000006b13f00000)]
  0x00000201a603f000 JavaThread "pool-3-thread-1" [_thread_blocked, id=15056, stack(0x0000006b13f00000,0x0000006b14000000)]
  0x00000201a4167000 JavaThread "included builds" [_thread_blocked, id=6068, stack(0x0000006b0eb00000,0x0000006b0ec00000)]
  0x00000201a4164800 JavaThread "Cache worker for execution history cache (E:\test\.gradle\7.4\executionHistory)" [_thread_blocked, id=9600, stack(0x0000006b14700000,0x0000006b14800000)]
=>0x00000201a6b14800 JavaThread "C2 CompilerThread1" daemon [_thread_in_native, id=5956, stack(0x0000006b0d900000,0x0000006b0da00000)]
  0x00000201a0a14800 JavaThread "C2 CompilerThread2" daemon [_thread_in_native, id=6620, stack(0x0000006b14100000,0x0000006b14200000)]

Other Threads:
  0x000002019e706000 VMThread "VM Thread" [stack: 0x0000006b0b900000,0x0000006b0ba00000] [id=7396]
  0x000002019e8d7800 WatcherThread [stack: 0x0000006b0c300000,0x0000006b0c400000] [id=13820]
  0x0000020181a08800 GCTaskThread "GC Thread#0" [stack: 0x0000006b0b400000,0x0000006b0b500000] [id=2800]
  0x000002019f481000 GCTaskThread "GC Thread#1" [stack: 0x0000006b0c500000,0x0000006b0c600000] [id=14088]
  0x000002019f754000 GCTaskThread "GC Thread#2" [stack: 0x0000006b0c600000,0x0000006b0c700000] [id=14600]
  0x000002019e879000 GCTaskThread "GC Thread#3" [stack: 0x0000006b0c700000,0x0000006b0c800000] [id=3948]
  0x000002019f70c000 GCTaskThread "GC Thread#4" [stack: 0x0000006b0c800000,0x0000006b0c900000] [id=13068]
  0x000002019f540000 GCTaskThread "GC Thread#5" [stack: 0x0000006b0c900000,0x0000006b0ca00000] [id=12280]
  0x00000201a1083800 GCTaskThread "GC Thread#6" [stack: 0x0000006b0d500000,0x0000006b0d600000] [id=11552]
  0x00000201a12c3800 GCTaskThread "GC Thread#7" [stack: 0x0000006b0d600000,0x0000006b0d700000] [id=1480]
  0x0000020181a3b000 ConcurrentGCThread "G1 Main Marker" [stack: 0x0000006b0b500000,0x0000006b0b600000] [id=12224]
  0x0000020181a3d800 ConcurrentGCThread "G1 Conc#0" [stack: 0x0000006b0b600000,0x0000006b0b700000] [id=6900]
  0x000002019f768000 ConcurrentGCThread "G1 Conc#1" [stack: 0x0000006b0d700000,0x0000006b0d800000] [id=10560]
  0x000002019dd39800 ConcurrentGCThread "G1 Refine#0" [stack: 0x0000006b0b700000,0x0000006b0b800000] [id=13188]
  0x00000201a560a800 ConcurrentGCThread "G1 Refine#1" [stack: 0x0000006b0e900000,0x0000006b0ea00000] [id=8504]
  0x00000201a56c6800 ConcurrentGCThread "G1 Refine#2" [stack: 0x0000006b14000000,0x0000006b14100000] [id=8688]
  0x000002019dd3a800 ConcurrentGCThread "G1 Young RemSet Sampling" [stack: 0x0000006b0b800000,0x0000006b0b900000] [id=13992]

Threads with active compile tasks:
C2 CompilerThread1  40839 12365       4       org.gradle.tooling.internal.adapter.ProtocolToModelAdapter$SupportedPropertyInvoker::invoke (154 bytes)
C2 CompilerThread2  40839 12350       4       org.gradle.tooling.internal.adapter.ProtocolToModelAdapter$InvocationHandlerImpl::invoke (176 bytes)

VM state:not at safepoint (normal execution)

VM Mutex/Monitor currently owned by a thread: None

Heap address: 0x0000000080000000, size: 2048 MB, Compressed Oops mode: 32-bit
Narrow klass base: 0x0000000000000000, Narrow klass shift: 3
Compressed class space size: 1073741824 Address: 0x0000000100000000

Heap:
 garbage-first heap   total 260096K, used 191429K [0x0000000080000000, 0x0000000100000000)
  region size 1024K, 53 young (54272K), 10 survivors (10240K)
 Metaspace       used 107391K, capacity 109978K, committed 110040K, reserved 1144832K
  class space    used 13587K, capacity 14549K, committed 14592K, reserved 1048576K
Heap Regions: E=young(eden), S=young(survivor), O=old, HS=humongous(starts), HC=humongous(continues), CS=collection set, F=free, A=archive, TAMS=top-at-mark-start (previous, next)
|   0|0x0000000080000000, 0x0000000080100000, 0x0000000080100000|100%| O|  |TAMS 0x0000000080100000, 0x0000000080000000| Untracked 
|   1|0x0000000080100000, 0x0000000080200000, 0x0000000080200000|100%| O|  |TAMS 0x0000000080200000, 0x0000000080100000| Untracked 
|   2|0x0000000080200000, 0x0000000080300000, 0x0000000080300000|100%| O|  |TAMS 0x0000000080300000, 0x0000000080200000| Untracked 
|   3|0x0000000080300000, 0x0000000080400000, 0x0000000080400000|100%|HS|  |TAMS 0x0000000080400000, 0x0000000080300000| Complete 
|   4|0x0000000080400000, 0x0000000080500000, 0x0000000080500000|100%|HC|  |TAMS 0x0000000080500000, 0x0000000080400000| Complete 
|   5|0x0000000080500000, 0x0000000080600000, 0x0000000080600000|100%|HC|  |TAMS 0x0000000080600000, 0x0000000080500000| Complete 
|   6|0x0000000080600000, 0x0000000080700000, 0x0000000080700000|100%| O|  |TAMS 0x0000000080700000, 0x0000000080600000| Untracked 
|   7|0x0000000080700000, 0x0000000080800000, 0x0000000080800000|100%| O|  |TAMS 0x0000000080800000, 0x0000000080700000| Untracked 
|   8|0x0000000080800000, 0x0000000080900000, 0x0000000080900000|100%| O|  |TAMS 0x0000000080900000, 0x0000000080800000| Untracked 
|   9|0x0000000080900000, 0x0000000080a00000, 0x0000000080a00000|100%| O|  |TAMS 0x0000000080a00000, 0x0000000080900000| Untracked 
|  10|0x0000000080a00000, 0x0000000080b00000, 0x0000000080b00000|100%| O|  |TAMS 0x0000000080b00000, 0x0000000080a00000| Untracked 
|  11|0x0000000080b00000, 0x0000000080c00000, 0x0000000080c00000|100%| O|  |TAMS 0x0000000080c00000, 0x0000000080b00000| Untracked 
|  12|0x0000000080c00000, 0x0000000080d00000, 0x0000000080d00000|100%| O|  |TAMS 0x0000000080d00000, 0x0000000080c00000| Untracked 
|  13|0x0000000080d00000, 0x0000000080e00000, 0x0000000080e00000|100%| O|  |TAMS 0x0000000080e00000, 0x0000000080d00000| Untracked 
|  14|0x0000000080e00000, 0x0000000080f00000, 0x0000000080f00000|100%| O|  |TAMS 0x0000000080f00000, 0x0000000080e00000| Untracked 
|  15|0x0000000080f00000, 0x0000000081000000, 0x0000000081000000|100%| O|  |TAMS 0x0000000081000000, 0x0000000080f00000| Untracked 
|  16|0x0000000081000000, 0x0000000081100000, 0x0000000081100000|100%| O|  |TAMS 0x0000000081100000, 0x0000000081000000| Untracked 
|  17|0x0000000081100000, 0x0000000081200000, 0x0000000081200000|100%|HS|  |TAMS 0x0000000081200000, 0x0000000081100000| Complete 
|  18|0x0000000081200000, 0x0000000081300000, 0x0000000081300000|100%|HC|  |TAMS 0x0000000081300000, 0x0000000081200000| Complete 
|  19|0x0000000081300000, 0x0000000081400000, 0x0000000081400000|100%|HS|  |TAMS 0x0000000081400000, 0x0000000081300000| Complete 
|  20|0x0000000081400000, 0x0000000081500000, 0x0000000081500000|100%|HC|  |TAMS 0x0000000081500000, 0x0000000081400000| Complete 
|  21|0x0000000081500000, 0x0000000081600000, 0x0000000081600000|100%|HC|  |TAMS 0x0000000081600000, 0x0000000081500000| Complete 
|  22|0x0000000081600000, 0x0000000081700000, 0x0000000081700000|100%|HS|  |TAMS 0x0000000081700000, 0x0000000081600000| Complete 
|  23|0x0000000081700000, 0x0000000081800000, 0x0000000081800000|100%|HC|  |TAMS 0x0000000081800000, 0x0000000081700000| Complete 
|  24|0x0000000081800000, 0x0000000081900000, 0x0000000081900000|100%|HC|  |TAMS 0x0000000081900000, 0x0000000081800000| Complete 
|  25|0x0000000081900000, 0x0000000081a00000, 0x0000000081a00000|100%|HS|  |TAMS 0x0000000081a00000, 0x0000000081900000| Complete 
|  26|0x0000000081a00000, 0x0000000081b00000, 0x0000000081b00000|100%|HC|  |TAMS 0x0000000081b00000, 0x0000000081a00000| Complete 
|  27|0x0000000081b00000, 0x0000000081c00000, 0x0000000081c00000|100%|HC|  |TAMS 0x0000000081c00000, 0x0000000081b00000| Complete 
|  28|0x0000000081c00000, 0x0000000081d00000, 0x0000000081d00000|100%|HC|  |TAMS 0x0000000081d00000, 0x0000000081c00000| Complete 
|  29|0x0000000081d00000, 0x0000000081e00000, 0x0000000081e00000|100%|HC|  |TAMS 0x0000000081e00000, 0x0000000081d00000| Complete 
|  30|0x0000000081e00000, 0x0000000081f00000, 0x0000000081f00000|100%| O|  |TAMS 0x0000000081f00000, 0x0000000081e00000| Untracked 
|  31|0x0000000081f00000, 0x0000000082000000, 0x0000000082000000|100%| O|  |TAMS 0x0000000082000000, 0x0000000081f00000| Untracked 
|  32|0x0000000082000000, 0x0000000082100000, 0x0000000082100000|100%| O|  |TAMS 0x0000000082100000, 0x0000000082000000| Untracked 
|  33|0x0000000082100000, 0x0000000082200000, 0x0000000082200000|100%|HS|  |TAMS 0x0000000082200000, 0x0000000082100000| Complete 
|  34|0x0000000082200000, 0x0000000082300000, 0x0000000082300000|100%|HC|  |TAMS 0x0000000082300000, 0x0000000082200000| Complete 
|  35|0x0000000082300000, 0x0000000082400000, 0x0000000082400000|100%|HC|  |TAMS 0x0000000082400000, 0x0000000082300000| Complete 
|  36|0x0000000082400000, 0x0000000082500000, 0x0000000082500000|100%|HC|  |TAMS 0x0000000082500000, 0x0000000082400000| Complete 
|  37|0x0000000082500000, 0x0000000082600000, 0x0000000082600000|100%|HS|  |TAMS 0x0000000082600000, 0x0000000082500000| Complete 
|  38|0x0000000082600000, 0x0000000082700000, 0x0000000082700000|100%|HC|  |TAMS 0x0000000082700000, 0x0000000082600000| Complete 
|  39|0x0000000082700000, 0x0000000082800000, 0x0000000082800000|100%|HS|  |TAMS 0x0000000082800000, 0x0000000082700000| Complete 
|  40|0x0000000082800000, 0x0000000082900000, 0x0000000082900000|100%|HC|  |TAMS 0x0000000082900000, 0x0000000082800000| Complete 
|  41|0x0000000082900000, 0x0000000082a00000, 0x0000000082a00000|100%|HC|  |TAMS 0x0000000082a00000, 0x0000000082900000| Complete 
|  42|0x0000000082a00000, 0x0000000082b00000, 0x0000000082b00000|100%|HS|  |TAMS 0x0000000082b00000, 0x0000000082a00000| Complete 
|  43|0x0000000082b00000, 0x0000000082c00000, 0x0000000082c00000|100%|HC|  |TAMS 0x0000000082c00000, 0x0000000082b00000| Complete 
|  44|0x0000000082c00000, 0x0000000082d00000, 0x0000000082d00000|100%|HC|  |TAMS 0x0000000082d00000, 0x0000000082c00000| Complete 
|  45|0x0000000082d00000, 0x0000000082e00000, 0x0000000082e00000|100%| O|  |TAMS 0x0000000082e00000, 0x0000000082d00000| Untracked 
|  46|0x0000000082e00000, 0x0000000082f00000, 0x0000000082f00000|100%| O|  |TAMS 0x0000000082f00000, 0x0000000082e00000| Untracked 
|  47|0x0000000082f00000, 0x0000000083000000, 0x0000000083000000|100%| O|  |TAMS 0x0000000083000000, 0x0000000082f00000| Untracked 
|  48|0x0000000083000000, 0x0000000083100000, 0x0000000083100000|100%| O|  |TAMS 0x0000000083100000, 0x0000000083000000| Untracked 
|  49|0x0000000083100000, 0x0000000083200000, 0x0000000083200000|100%|HS|  |TAMS 0x0000000083200000, 0x0000000083100000| Complete 
|  50|0x0000000083200000, 0x0000000083300000, 0x0000000083300000|100%|HC|  |TAMS 0x0000000083300000, 0x0000000083200000| Complete 
|  51|0x0000000083300000, 0x0000000083400000, 0x0000000083400000|100%|HC|  |TAMS 0x0000000083400000, 0x0000000083300000| Complete 
|  52|0x0000000083400000, 0x0000000083500000, 0x0000000083500000|100%|HC|  |TAMS 0x0000000083500000, 0x0000000083400000| Complete 
|  53|0x0000000083500000, 0x0000000083600000, 0x0000000083600000|100%|HC|  |TAMS 0x0000000083600000, 0x0000000083500000| Complete 
|  54|0x0000000083600000, 0x0000000083700000, 0x0000000083700000|100%| O|  |TAMS 0x0000000083700000, 0x0000000083600000| Untracked 
|  55|0x0000000083700000, 0x0000000083800000, 0x0000000083800000|100%| O|  |TAMS 0x0000000083800000, 0x0000000083700000| Untracked 
|  56|0x0000000083800000, 0x0000000083900000, 0x0000000083900000|100%|HS|  |TAMS 0x0000000083900000, 0x0000000083800000| Complete 
|  57|0x0000000083900000, 0x0000000083a00000, 0x0000000083a00000|100%|HS|  |TAMS 0x0000000083a00000, 0x0000000083900000| Complete 
|  58|0x0000000083a00000, 0x0000000083b00000, 0x0000000083b00000|100%|HS|  |TAMS 0x0000000083b00000, 0x0000000083a00000| Complete 
|  59|0x0000000083b00000, 0x0000000083c00000, 0x0000000083c00000|100%|HS|  |TAMS 0x0000000083c00000, 0x0000000083b00000| Complete 
|  60|0x0000000083c00000, 0x0000000083d00000, 0x0000000083d00000|100%|HC|  |TAMS 0x0000000083d00000, 0x0000000083c00000| Complete 
|  61|0x0000000083d00000, 0x0000000083e00000, 0x0000000083e00000|100%| O|  |TAMS 0x0000000083e00000, 0x0000000083d00000| Untracked 
|  62|0x0000000083e00000, 0x0000000083f00000, 0x0000000083f00000|100%| O|  |TAMS 0x0000000083f00000, 0x0000000083e00000| Untracked 
|  63|0x0000000083f00000, 0x0000000084000000, 0x0000000084000000|100%| O|  |TAMS 0x0000000084000000, 0x0000000083f00000| Untracked 
|  64|0x0000000084000000, 0x0000000084100000, 0x0000000084100000|100%| O|  |TAMS 0x0000000084100000, 0x0000000084000000| Untracked 
|  65|0x0000000084100000, 0x0000000084200000, 0x0000000084200000|100%| O|  |TAMS 0x0000000084200000, 0x0000000084100000| Untracked 
|  66|0x0000000084200000, 0x0000000084300000, 0x0000000084300000|100%| O|  |TAMS 0x0000000084300000, 0x0000000084200000| Untracked 
|  67|0x0000000084300000, 0x0000000084400000, 0x0000000084400000|100%| O|  |TAMS 0x0000000084400000, 0x0000000084300000| Untracked 
|  68|0x0000000084400000, 0x0000000084500000, 0x0000000084500000|100%| O|  |TAMS 0x0000000084500000, 0x0000000084400000| Untracked 
|  69|0x0000000084500000, 0x0000000084600000, 0x0000000084600000|100%| O|  |TAMS 0x0000000084600000, 0x0000000084500000| Untracked 
|  70|0x0000000084600000, 0x0000000084700000, 0x0000000084700000|100%| O|  |TAMS 0x0000000084700000, 0x0000000084600000| Untracked 
|  71|0x0000000084700000, 0x0000000084800000, 0x0000000084800000|100%| O|  |TAMS 0x0000000084800000, 0x0000000084700000| Untracked 
|  72|0x0000000084800000, 0x0000000084900000, 0x0000000084900000|100%| O|  |TAMS 0x0000000084900000, 0x0000000084800000| Untracked 
|  73|0x0000000084900000, 0x0000000084a00000, 0x0000000084a00000|100%| O|  |TAMS 0x0000000084a00000, 0x0000000084900000| Untracked 
|  74|0x0000000084a00000, 0x0000000084b00000, 0x0000000084b00000|100%| O|  |TAMS 0x0000000084b00000, 0x0000000084a00000| Untracked 
|  75|0x0000000084b00000, 0x0000000084c00000, 0x0000000084c00000|100%| O|  |TAMS 0x0000000084c00000, 0x0000000084b00000| Untracked 
|  76|0x0000000084c00000, 0x0000000084d00000, 0x0000000084d00000|100%| O|  |TAMS 0x0000000084d00000, 0x0000000084c00000| Untracked 
|  77|0x0000000084d00000, 0x0000000084e00000, 0x0000000084e00000|100%| O|  |TAMS 0x0000000084e00000, 0x0000000084d00000| Untracked 
|  78|0x0000000084e00000, 0x0000000084f00000, 0x0000000084f00000|100%| O|  |TAMS 0x0000000084f00000, 0x0000000084e00000| Untracked 
|  79|0x0000000084f00000, 0x0000000085000000, 0x0000000085000000|100%| O|  |TAMS 0x0000000085000000, 0x0000000084f00000| Untracked 
|  80|0x0000000085000000, 0x0000000085100000, 0x0000000085100000|100%| O|  |TAMS 0x0000000085100000, 0x0000000085000000| Untracked 
|  81|0x0000000085100000, 0x0000000085200000, 0x0000000085200000|100%| O|  |TAMS 0x0000000085200000, 0x0000000085100000| Untracked 
|  82|0x0000000085200000, 0x0000000085300000, 0x0000000085300000|100%| O|  |TAMS 0x0000000085300000, 0x0000000085200000| Untracked 
|  83|0x0000000085300000, 0x0000000085400000, 0x0000000085400000|100%| O|  |TAMS 0x0000000085400000, 0x0000000085300000| Untracked 
|  84|0x0000000085400000, 0x0000000085500000, 0x0000000085500000|100%| O|  |TAMS 0x0000000085500000, 0x0000000085400000| Untracked 
|  85|0x0000000085500000, 0x0000000085600000, 0x0000000085600000|100%| O|  |TAMS 0x0000000085600000, 0x0000000085500000| Untracked 
|  86|0x0000000085600000, 0x0000000085700000, 0x0000000085700000|100%|HS|  |TAMS 0x0000000085700000, 0x0000000085600000| Complete 
|  87|0x0000000085700000, 0x0000000085800000, 0x0000000085800000|100%|HC|  |TAMS 0x0000000085800000, 0x0000000085700000| Complete 
|  88|0x0000000085800000, 0x0000000085900000, 0x0000000085900000|100%|HC|  |TAMS 0x0000000085900000, 0x0000000085800000| Complete 
|  89|0x0000000085900000, 0x0000000085a00000, 0x0000000085a00000|100%|HC|  |TAMS 0x0000000085a00000, 0x0000000085900000| Complete 
|  90|0x0000000085a00000, 0x0000000085b00000, 0x0000000085b00000|100%|HS|  |TAMS 0x0000000085b00000, 0x0000000085a00000| Complete 
|  91|0x0000000085b00000, 0x0000000085c00000, 0x0000000085c00000|100%|HC|  |TAMS 0x0000000085c00000, 0x0000000085b00000| Complete 
|  92|0x0000000085c00000, 0x0000000085d00000, 0x0000000085d00000|100%|HS|  |TAMS 0x0000000085d00000, 0x0000000085c00000| Complete 
|  93|0x0000000085d00000, 0x0000000085e00000, 0x0000000085e00000|100%|HC|  |TAMS 0x0000000085e00000, 0x0000000085d00000| Complete 
|  94|0x0000000085e00000, 0x0000000085f00000, 0x0000000085f00000|100%|HC|  |TAMS 0x0000000085f00000, 0x0000000085e00000| Complete 
|  95|0x0000000085f00000, 0x0000000086000000, 0x0000000086000000|100%|HS|  |TAMS 0x0000000086000000, 0x0000000085f00000| Complete 
|  96|0x0000000086000000, 0x0000000086100000, 0x0000000086100000|100%|HC|  |TAMS 0x0000000086100000, 0x0000000086000000| Complete 
|  97|0x0000000086100000, 0x0000000086200000, 0x0000000086200000|100%|HC|  |TAMS 0x0000000086200000, 0x0000000086100000| Complete 
|  98|0x0000000086200000, 0x0000000086300000, 0x0000000086300000|100%|HS|  |TAMS 0x0000000086300000, 0x0000000086200000| Complete 
|  99|0x0000000086300000, 0x0000000086400000, 0x0000000086400000|100%|HC|  |TAMS 0x0000000086400000, 0x0000000086300000| Complete 
| 100|0x0000000086400000, 0x0000000086500000, 0x0000000086500000|100%|HC|  |TAMS 0x0000000086500000, 0x0000000086400000| Complete 
| 101|0x0000000086500000, 0x0000000086600000, 0x0000000086600000|100%|HC|  |TAMS 0x0000000086600000, 0x0000000086500000| Complete 
| 102|0x0000000086600000, 0x0000000086700000, 0x0000000086700000|100%|HC|  |TAMS 0x0000000086700000, 0x0000000086600000| Complete 
| 103|0x0000000086700000, 0x0000000086800000, 0x0000000086800000|100%|HS|  |TAMS 0x0000000086800000, 0x0000000086700000| Complete 
| 104|0x0000000086800000, 0x0000000086900000, 0x0000000086900000|100%|HS|  |TAMS 0x0000000086900000, 0x0000000086800000| Complete 
| 105|0x0000000086900000, 0x0000000086a00000, 0x0000000086a00000|100%|HC|  |TAMS 0x0000000086a00000, 0x0000000086900000| Complete 
| 106|0x0000000086a00000, 0x0000000086b00000, 0x0000000086b00000|100%|HC|  |TAMS 0x0000000086b00000, 0x0000000086a00000| Complete 
| 107|0x0000000086b00000, 0x0000000086c00000, 0x0000000086c00000|100%|HC|  |TAMS 0x0000000086c00000, 0x0000000086b00000| Complete 
| 108|0x0000000086c00000, 0x0000000086d00000, 0x0000000086d00000|100%| O|  |TAMS 0x0000000086d00000, 0x0000000086c00000| Untracked 
| 109|0x0000000086d00000, 0x0000000086e00000, 0x0000000086e00000|100%| O|  |TAMS 0x0000000086e00000, 0x0000000086d00000| Untracked 
| 110|0x0000000086e00000, 0x0000000086f00000, 0x0000000086f00000|100%| O|  |TAMS 0x0000000086f00000, 0x0000000086e00000| Untracked 
| 111|0x0000000086f00000, 0x0000000087000000, 0x0000000087000000|100%| O|  |TAMS 0x0000000087000000, 0x0000000086f00000| Untracked 
| 112|0x0000000087000000, 0x0000000087100000, 0x0000000087100000|100%| O|  |TAMS 0x0000000087100000, 0x0000000087000000| Untracked 
| 113|0x0000000087100000, 0x0000000087200000, 0x0000000087200000|100%| O|  |TAMS 0x0000000087200000, 0x0000000087100000| Untracked 
| 114|0x0000000087200000, 0x0000000087300000, 0x0000000087300000|100%| O|  |TAMS 0x0000000087300000, 0x0000000087200000| Untracked 
| 115|0x0000000087300000, 0x0000000087400000, 0x0000000087400000|100%| O|  |TAMS 0x0000000087400000, 0x0000000087300000| Untracked 
| 116|0x0000000087400000, 0x0000000087500000, 0x0000000087500000|100%| O|  |TAMS 0x0000000087500000, 0x0000000087400000| Untracked 
| 117|0x0000000087500000, 0x0000000087600000, 0x0000000087600000|100%| O|  |TAMS 0x0000000087600000, 0x0000000087500000| Untracked 
| 118|0x0000000087600000, 0x0000000087700000, 0x0000000087700000|100%| O|  |TAMS 0x0000000087700000, 0x0000000087600000| Untracked 
| 119|0x0000000087700000, 0x0000000087800000, 0x0000000087800000|100%| O|  |TAMS 0x0000000087800000, 0x0000000087700000| Untracked 
| 120|0x0000000087800000, 0x0000000087900000, 0x0000000087900000|100%| O|  |TAMS 0x0000000087900000, 0x0000000087800000| Untracked 
| 121|0x0000000087900000, 0x0000000087a00000, 0x0000000087a00000|100%| O|  |TAMS 0x0000000087a00000, 0x0000000087900000| Untracked 
| 122|0x0000000087a00000, 0x0000000087b00000, 0x0000000087b00000|100%| O|  |TAMS 0x0000000087b00000, 0x0000000087a00000| Untracked 
| 123|0x0000000087b00000, 0x0000000087c00000, 0x0000000087c00000|100%| O|  |TAMS 0x0000000087c00000, 0x0000000087b00000| Untracked 
| 124|0x0000000087c00000, 0x0000000087d00000, 0x0000000087d00000|100%| O|  |TAMS 0x0000000087d00000, 0x0000000087c00000| Untracked 
| 125|0x0000000087d00000, 0x0000000087e00000, 0x0000000087e00000|100%| O|  |TAMS 0x0000000087e00000, 0x0000000087d00000| Untracked 
| 126|0x0000000087e00000, 0x0000000087f00000, 0x0000000087f00000|100%| O|  |TAMS 0x0000000087f00000, 0x0000000087e00000| Untracked 
| 127|0x0000000087f00000, 0x0000000088000000, 0x0000000088000000|100%| O|  |TAMS 0x0000000088000000, 0x0000000087f00000| Untracked 
| 128|0x0000000088000000, 0x0000000088100000, 0x0000000088100000|100%| O|  |TAMS 0x0000000088100000, 0x0000000088000000| Untracked 
| 129|0x0000000088100000, 0x0000000088200000, 0x0000000088200000|100%| O|  |TAMS 0x0000000088200000, 0x0000000088100000| Untracked 
| 130|0x0000000088200000, 0x0000000088300000, 0x0000000088300000|100%| O|  |TAMS 0x0000000088300000, 0x0000000088200000| Untracked 
| 131|0x0000000088300000, 0x0000000088400000, 0x0000000088400000|100%| O|  |TAMS 0x0000000088400000, 0x0000000088300000| Untracked 
| 132|0x0000000088400000, 0x0000000088500000, 0x0000000088500000|100%| O|  |TAMS 0x0000000088436200, 0x0000000088400000| Untracked 
| 133|0x0000000088500000, 0x0000000088600000, 0x0000000088600000|100%| O|  |TAMS 0x0000000088500000, 0x0000000088500000| Untracked 
| 134|0x0000000088600000, 0x0000000088700000, 0x0000000088700000|100%| O|  |TAMS 0x0000000088600000, 0x0000000088600000| Untracked 
| 135|0x0000000088700000, 0x0000000088800000, 0x0000000088800000|100%| O|  |TAMS 0x0000000088700000, 0x0000000088700000| Untracked 
| 136|0x0000000088800000, 0x0000000088893200, 0x0000000088900000| 57%| O|  |TAMS 0x0000000088800000, 0x0000000088800000| Untracked 
| 137|0x0000000088900000, 0x0000000088900000, 0x0000000088a00000|  0%| F|  |TAMS 0x0000000088900000, 0x0000000088900000| Untracked 
| 138|0x0000000088a00000, 0x0000000088a00000, 0x0000000088b00000|  0%| F|  |TAMS 0x0000000088a00000, 0x0000000088a00000| Untracked 
| 139|0x0000000088b00000, 0x0000000088b00000, 0x0000000088c00000|  0%| F|  |TAMS 0x0000000088b00000, 0x0000000088b00000| Untracked 
| 140|0x0000000088c00000, 0x0000000088c00000, 0x0000000088d00000|  0%| F|  |TAMS 0x0000000088c00000, 0x0000000088c00000| Untracked 
| 141|0x0000000088d00000, 0x0000000088d00000, 0x0000000088e00000|  0%| F|  |TAMS 0x0000000088d00000, 0x0000000088d00000| Untracked 
| 142|0x0000000088e00000, 0x0000000088e00000, 0x0000000088f00000|  0%| F|  |TAMS 0x0000000088e00000, 0x0000000088e00000| Untracked 
| 143|0x0000000088f00000, 0x0000000088f00000, 0x0000000089000000|  0%| F|  |TAMS 0x0000000088f00000, 0x0000000088f00000| Untracked 
| 144|0x0000000089000000, 0x0000000089000000, 0x0000000089100000|  0%| F|  |TAMS 0x0000000089000000, 0x0000000089000000| Untracked 
| 145|0x0000000089100000, 0x0000000089100000, 0x0000000089200000|  0%| F|  |TAMS 0x0000000089100000, 0x0000000089100000| Untracked 
| 146|0x0000000089200000, 0x0000000089200000, 0x0000000089300000|  0%| F|  |TAMS 0x0000000089200000, 0x0000000089200000| Untracked 
| 147|0x0000000089300000, 0x0000000089300000, 0x0000000089400000|  0%| F|  |TAMS 0x0000000089300000, 0x0000000089300000| Untracked 
| 148|0x0000000089400000, 0x0000000089400000, 0x0000000089500000|  0%| F|  |TAMS 0x0000000089400000, 0x0000000089400000| Untracked 
| 149|0x0000000089500000, 0x0000000089500000, 0x0000000089600000|  0%| F|  |TAMS 0x0000000089500000, 0x0000000089500000| Untracked 
| 150|0x0000000089600000, 0x0000000089600000, 0x0000000089700000|  0%| F|  |TAMS 0x0000000089600000, 0x0000000089600000| Untracked 
| 151|0x0000000089700000, 0x0000000089700000, 0x0000000089800000|  0%| F|  |TAMS 0x0000000089700000, 0x0000000089700000| Untracked 
| 152|0x0000000089800000, 0x0000000089800000, 0x0000000089900000|  0%| F|  |TAMS 0x0000000089800000, 0x0000000089800000| Untracked 
| 153|0x0000000089900000, 0x0000000089900000, 0x0000000089a00000|  0%| F|  |TAMS 0x0000000089900000, 0x0000000089900000| Untracked 
| 154|0x0000000089a00000, 0x0000000089a00000, 0x0000000089b00000|  0%| F|  |TAMS 0x0000000089a00000, 0x0000000089a00000| Untracked 
| 155|0x0000000089b00000, 0x0000000089b00000, 0x0000000089c00000|  0%| F|  |TAMS 0x0000000089b00000, 0x0000000089b00000| Untracked 
| 156|0x0000000089c00000, 0x0000000089c00000, 0x0000000089d00000|  0%| F|  |TAMS 0x0000000089c00000, 0x0000000089c00000| Untracked 
| 157|0x0000000089d00000, 0x0000000089d00000, 0x0000000089e00000|  0%| F|  |TAMS 0x0000000089d00000, 0x0000000089d00000| Untracked 
| 158|0x0000000089e00000, 0x0000000089e00000, 0x0000000089f00000|  0%| F|  |TAMS 0x0000000089e00000, 0x0000000089e00000| Untracked 
| 159|0x0000000089f00000, 0x0000000089f00000, 0x000000008a000000|  0%| F|  |TAMS 0x0000000089f00000, 0x0000000089f00000| Untracked 
| 160|0x000000008a000000, 0x000000008a000000, 0x000000008a100000|  0%| F|  |TAMS 0x000000008a000000, 0x000000008a000000| Untracked 
| 161|0x000000008a100000, 0x000000008a100000, 0x000000008a200000|  0%| F|  |TAMS 0x000000008a100000, 0x000000008a100000| Untracked 
| 162|0x000000008a200000, 0x000000008a200000, 0x000000008a300000|  0%| F|  |TAMS 0x000000008a200000, 0x000000008a200000| Untracked 
| 163|0x000000008a300000, 0x000000008a300000, 0x000000008a400000|  0%| F|  |TAMS 0x000000008a300000, 0x000000008a300000| Untracked 
| 164|0x000000008a400000, 0x000000008a400000, 0x000000008a500000|  0%| F|  |TAMS 0x000000008a400000, 0x000000008a400000| Untracked 
| 165|0x000000008a500000, 0x000000008a500000, 0x000000008a600000|  0%| F|  |TAMS 0x000000008a500000, 0x000000008a500000| Untracked 
| 166|0x000000008a600000, 0x000000008a600000, 0x000000008a700000|  0%| F|  |TAMS 0x000000008a600000, 0x000000008a600000| Untracked 
| 167|0x000000008a700000, 0x000000008a700000, 0x000000008a800000|  0%| F|  |TAMS 0x000000008a700000, 0x000000008a700000| Untracked 
| 168|0x000000008a800000, 0x000000008a85e550, 0x000000008a900000| 36%| S|CS|TAMS 0x000000008a800000, 0x000000008a800000| Complete 
| 169|0x000000008a900000, 0x000000008aa00000, 0x000000008aa00000|100%| S|CS|TAMS 0x000000008a900000, 0x000000008a900000| Complete 
| 170|0x000000008aa00000, 0x000000008ab00000, 0x000000008ab00000|100%| S|CS|TAMS 0x000000008aa00000, 0x000000008aa00000| Complete 
| 171|0x000000008ab00000, 0x000000008ab00000, 0x000000008ac00000|  0%| F|  |TAMS 0x000000008ab00000, 0x000000008ab00000| Untracked 
| 172|0x000000008ac00000, 0x000000008ac00000, 0x000000008ad00000|  0%| F|  |TAMS 0x000000008ac00000, 0x000000008ac00000| Untracked 
| 173|0x000000008ad00000, 0x000000008ad00000, 0x000000008ae00000|  0%| F|  |TAMS 0x000000008ad00000, 0x000000008ad00000| Untracked 
| 174|0x000000008ae00000, 0x000000008ae00000, 0x000000008af00000|  0%| F|  |TAMS 0x000000008ae00000, 0x000000008ae00000| Untracked 
| 175|0x000000008af00000, 0x000000008af00000, 0x000000008b000000|  0%| F|  |TAMS 0x000000008af00000, 0x000000008af00000| Untracked 
| 176|0x000000008b000000, 0x000000008b000000, 0x000000008b100000|  0%| F|  |TAMS 0x000000008b000000, 0x000000008b000000| Untracked 
| 177|0x000000008b100000, 0x000000008b100000, 0x000000008b200000|  0%| F|  |TAMS 0x000000008b100000, 0x000000008b100000| Untracked 
| 178|0x000000008b200000, 0x000000008b200000, 0x000000008b300000|  0%| F|  |TAMS 0x000000008b200000, 0x000000008b200000| Untracked 
| 179|0x000000008b300000, 0x000000008b400000, 0x000000008b400000|100%| S|CS|TAMS 0x000000008b300000, 0x000000008b300000| Complete 
| 180|0x000000008b400000, 0x000000008b500000, 0x000000008b500000|100%| S|CS|TAMS 0x000000008b400000, 0x000000008b400000| Complete 
| 181|0x000000008b500000, 0x000000008b600000, 0x000000008b600000|100%| S|CS|TAMS 0x000000008b500000, 0x000000008b500000| Complete 
| 182|0x000000008b600000, 0x000000008b700000, 0x000000008b700000|100%| S|CS|TAMS 0x000000008b600000, 0x000000008b600000| Complete 
| 183|0x000000008b700000, 0x000000008b800000, 0x000000008b800000|100%| S|CS|TAMS 0x000000008b700000, 0x000000008b700000| Complete 
| 184|0x000000008b800000, 0x000000008b800000, 0x000000008b900000|  0%| F|  |TAMS 0x000000008b800000, 0x000000008b800000| Untracked 
| 185|0x000000008b900000, 0x000000008b900000, 0x000000008ba00000|  0%| F|  |TAMS 0x000000008b900000, 0x000000008b900000| Untracked 
| 186|0x000000008ba00000, 0x000000008bb00000, 0x000000008bb00000|100%| S|CS|TAMS 0x000000008ba00000, 0x000000008ba00000| Complete 
| 187|0x000000008bb00000, 0x000000008bc00000, 0x000000008bc00000|100%| S|CS|TAMS 0x000000008bb00000, 0x000000008bb00000| Complete 
| 188|0x000000008bc00000, 0x000000008bc00000, 0x000000008bd00000|  0%| F|  |TAMS 0x000000008bc00000, 0x000000008bc00000| Untracked 
| 189|0x000000008bd00000, 0x000000008bd00000, 0x000000008be00000|  0%| F|  |TAMS 0x000000008bd00000, 0x000000008bd00000| Untracked 
| 190|0x000000008be00000, 0x000000008be00000, 0x000000008bf00000|  0%| F|  |TAMS 0x000000008be00000, 0x000000008be00000| Untracked 
| 191|0x000000008bf00000, 0x000000008bf00000, 0x000000008c000000|  0%| F|  |TAMS 0x000000008bf00000, 0x000000008bf00000| Untracked 
| 192|0x000000008c000000, 0x000000008c000000, 0x000000008c100000|  0%| F|  |TAMS 0x000000008c000000, 0x000000008c000000| Untracked 
| 193|0x000000008c100000, 0x000000008c100000, 0x000000008c200000|  0%| F|  |TAMS 0x000000008c100000, 0x000000008c100000| Untracked 
| 194|0x000000008c200000, 0x000000008c200000, 0x000000008c300000|  0%| F|  |TAMS 0x000000008c200000, 0x000000008c200000| Untracked 
| 195|0x000000008c300000, 0x000000008c300000, 0x000000008c400000|  0%| F|  |TAMS 0x000000008c300000, 0x000000008c300000| Untracked 
| 196|0x000000008c400000, 0x000000008c400000, 0x000000008c500000|  0%| F|  |TAMS 0x000000008c400000, 0x000000008c400000| Untracked 
| 197|0x000000008c500000, 0x000000008c500000, 0x000000008c600000|  0%| F|  |TAMS 0x000000008c500000, 0x000000008c500000| Untracked 
| 198|0x000000008c600000, 0x000000008c600000, 0x000000008c700000|  0%| F|  |TAMS 0x000000008c600000, 0x000000008c600000| Untracked 
| 199|0x000000008c700000, 0x000000008c700000, 0x000000008c800000|  0%| F|  |TAMS 0x000000008c700000, 0x000000008c700000| Untracked 
| 200|0x000000008c800000, 0x000000008c800000, 0x000000008c900000|  0%| F|  |TAMS 0x000000008c800000, 0x000000008c800000| Untracked 
| 201|0x000000008c900000, 0x000000008c900000, 0x000000008ca00000|  0%| F|  |TAMS 0x000000008c900000, 0x000000008c900000| Untracked 
| 202|0x000000008ca00000, 0x000000008ca00000, 0x000000008cb00000|  0%| F|  |TAMS 0x000000008ca00000, 0x000000008ca00000| Untracked 
| 203|0x000000008cb00000, 0x000000008cb00000, 0x000000008cc00000|  0%| F|  |TAMS 0x000000008cb00000, 0x000000008cb00000| Untracked 
| 204|0x000000008cc00000, 0x000000008cc00000, 0x000000008cd00000|  0%| F|  |TAMS 0x000000008cc00000, 0x000000008cc00000| Untracked 
| 205|0x000000008cd00000, 0x000000008cd00000, 0x000000008ce00000|  0%| F|  |TAMS 0x000000008cd00000, 0x000000008cd00000| Untracked 
| 206|0x000000008ce00000, 0x000000008ce00000, 0x000000008cf00000|  0%| F|  |TAMS 0x000000008ce00000, 0x000000008ce00000| Untracked 
| 207|0x000000008cf00000, 0x000000008cf00000, 0x000000008d000000|  0%| F|  |TAMS 0x000000008cf00000, 0x000000008cf00000| Untracked 
| 208|0x000000008d000000, 0x000000008d000000, 0x000000008d100000|  0%| F|  |TAMS 0x000000008d000000, 0x000000008d000000| Untracked 
| 209|0x000000008d100000, 0x000000008d100000, 0x000000008d200000|  0%| F|  |TAMS 0x000000008d100000, 0x000000008d100000| Untracked 
| 210|0x000000008d200000, 0x000000008d200000, 0x000000008d300000|  0%| F|  |TAMS 0x000000008d200000, 0x000000008d200000| Untracked 
| 211|0x000000008d300000, 0x000000008d39e100, 0x000000008d400000| 61%| E|  |TAMS 0x000000008d300000, 0x000000008d300000| Complete 
| 212|0x000000008d400000, 0x000000008d500000, 0x000000008d500000|100%| E|CS|TAMS 0x000000008d400000, 0x000000008d400000| Complete 
| 213|0x000000008d500000, 0x000000008d600000, 0x000000008d600000|100%| E|CS|TAMS 0x000000008d500000, 0x000000008d500000| Complete 
| 214|0x000000008d600000, 0x000000008d700000, 0x000000008d700000|100%| E|CS|TAMS 0x000000008d600000, 0x000000008d600000| Complete 
| 215|0x000000008d700000, 0x000000008d800000, 0x000000008d800000|100%| E|CS|TAMS 0x000000008d700000, 0x000000008d700000| Complete 
| 216|0x000000008d800000, 0x000000008d900000, 0x000000008d900000|100%| E|CS|TAMS 0x000000008d800000, 0x000000008d800000| Complete 
| 217|0x000000008d900000, 0x000000008da00000, 0x000000008da00000|100%| E|CS|TAMS 0x000000008d900000, 0x000000008d900000| Complete 
| 218|0x000000008da00000, 0x000000008db00000, 0x000000008db00000|100%| E|CS|TAMS 0x000000008da00000, 0x000000008da00000| Complete 
| 219|0x000000008db00000, 0x000000008dc00000, 0x000000008dc00000|100%| E|CS|TAMS 0x000000008db00000, 0x000000008db00000| Complete 
| 220|0x000000008dc00000, 0x000000008dd00000, 0x000000008dd00000|100%| E|CS|TAMS 0x000000008dc00000, 0x000000008dc00000| Complete 
| 221|0x000000008dd00000, 0x000000008de00000, 0x000000008de00000|100%| E|CS|TAMS 0x000000008dd00000, 0x000000008dd00000| Complete 
| 222|0x000000008de00000, 0x000000008df00000, 0x000000008df00000|100%| E|CS|TAMS 0x000000008de00000, 0x000000008de00000| Complete 
| 223|0x000000008df00000, 0x000000008e000000, 0x000000008e000000|100%| E|CS|TAMS 0x000000008df00000, 0x000000008df00000| Complete 
| 224|0x000000008e000000, 0x000000008e100000, 0x000000008e100000|100%| E|CS|TAMS 0x000000008e000000, 0x000000008e000000| Complete 
| 225|0x000000008e100000, 0x000000008e200000, 0x000000008e200000|100%| E|CS|TAMS 0x000000008e100000, 0x000000008e100000| Complete 
| 226|0x000000008e200000, 0x000000008e300000, 0x000000008e300000|100%| E|CS|TAMS 0x000000008e200000, 0x000000008e200000| Complete 
| 227|0x000000008e300000, 0x000000008e400000, 0x000000008e400000|100%| E|CS|TAMS 0x000000008e300000, 0x000000008e300000| Complete 
| 228|0x000000008e400000, 0x000000008e500000, 0x000000008e500000|100%| E|CS|TAMS 0x000000008e400000, 0x000000008e400000| Complete 
| 229|0x000000008e500000, 0x000000008e600000, 0x000000008e600000|100%| E|CS|TAMS 0x000000008e500000, 0x000000008e500000| Complete 
| 230|0x000000008e600000, 0x000000008e700000, 0x000000008e700000|100%| E|CS|TAMS 0x000000008e600000, 0x000000008e600000| Complete 
| 231|0x000000008e700000, 0x000000008e800000, 0x000000008e800000|100%| E|CS|TAMS 0x000000008e700000, 0x000000008e700000| Complete 
| 232|0x000000008e800000, 0x000000008e900000, 0x000000008e900000|100%| E|CS|TAMS 0x000000008e800000, 0x000000008e800000| Complete 
| 233|0x000000008e900000, 0x000000008ea00000, 0x000000008ea00000|100%| E|CS|TAMS 0x000000008e900000, 0x000000008e900000| Complete 
| 234|0x000000008ea00000, 0x000000008eb00000, 0x000000008eb00000|100%| E|CS|TAMS 0x000000008ea00000, 0x000000008ea00000| Complete 
| 235|0x000000008eb00000, 0x000000008ec00000, 0x000000008ec00000|100%| E|CS|TAMS 0x000000008eb00000, 0x000000008eb00000| Complete 
| 236|0x000000008ec00000, 0x000000008ed00000, 0x000000008ed00000|100%| E|CS|TAMS 0x000000008ec00000, 0x000000008ec00000| Complete 
| 237|0x000000008ed00000, 0x000000008ee00000, 0x000000008ee00000|100%| E|CS|TAMS 0x000000008ed00000, 0x000000008ed00000| Complete 
| 238|0x000000008ee00000, 0x000000008ef00000, 0x000000008ef00000|100%| E|CS|TAMS 0x000000008ee00000, 0x000000008ee00000| Complete 
| 239|0x000000008ef00000, 0x000000008f000000, 0x000000008f000000|100%| E|CS|TAMS 0x000000008ef00000, 0x000000008ef00000| Complete 
| 240|0x000000008f000000, 0x000000008f100000, 0x000000008f100000|100%| E|CS|TAMS 0x000000008f000000, 0x000000008f000000| Complete 
| 241|0x000000008f100000, 0x000000008f200000, 0x000000008f200000|100%| E|  |TAMS 0x000000008f100000, 0x000000008f100000| Complete 
| 242|0x000000008f200000, 0x000000008f300000, 0x000000008f300000|100%| E|CS|TAMS 0x000000008f200000, 0x000000008f200000| Complete 
| 243|0x000000008f300000, 0x000000008f400000, 0x000000008f400000|100%| E|CS|TAMS 0x000000008f300000, 0x000000008f300000| Complete 
| 244|0x000000008f400000, 0x000000008f500000, 0x000000008f500000|100%| E|CS|TAMS 0x000000008f400000, 0x000000008f400000| Complete 
| 245|0x000000008f500000, 0x000000008f600000, 0x000000008f600000|100%| E|CS|TAMS 0x000000008f500000, 0x000000008f500000| Complete 
| 246|0x000000008f600000, 0x000000008f700000, 0x000000008f700000|100%| E|CS|TAMS 0x000000008f600000, 0x000000008f600000| Complete 
| 247|0x000000008f700000, 0x000000008f800000, 0x000000008f800000|100%| E|CS|TAMS 0x000000008f700000, 0x000000008f700000| Complete 
| 248|0x000000008f800000, 0x000000008f900000, 0x000000008f900000|100%| E|CS|TAMS 0x000000008f800000, 0x000000008f800000| Complete 
| 249|0x000000008f900000, 0x000000008fa00000, 0x000000008fa00000|100%| E|CS|TAMS 0x000000008f900000, 0x000000008f900000| Complete 
| 250|0x000000008fa00000, 0x000000008fb00000, 0x000000008fb00000|100%| E|CS|TAMS 0x000000008fa00000, 0x000000008fa00000| Complete 
| 251|0x000000008fb00000, 0x000000008fc00000, 0x000000008fc00000|100%| E|CS|TAMS 0x000000008fb00000, 0x000000008fb00000| Complete 
| 252|0x000000008fc00000, 0x000000008fd00000, 0x000000008fd00000|100%| E|CS|TAMS 0x000000008fc00000, 0x000000008fc00000| Complete 
| 253|0x000000008fd00000, 0x000000008fe00000, 0x000000008fe00000|100%| E|CS|TAMS 0x000000008fd00000, 0x000000008fd00000| Complete 

Card table byte_map: [0x0000020196b60000,0x0000020196f60000] _byte_map_base: 0x0000020196760000

Marking Bits (Prev, Next): (CMBitMap*) 0x0000020181a32268, (CMBitMap*) 0x0000020181a322a0
 Prev Bits: [0x0000020197360000, 0x0000020199360000)
 Next Bits: [0x0000020199360000, 0x000002019b360000)

Polling page: 0x0000020181880000

Metaspace:

Usage:
  Non-class:     93.19 MB capacity,    91.61 MB ( 98%) used,     1.30 MB (  1%) free+waste,   293.19 KB ( <1%) overhead. 
      Class:     14.21 MB capacity,    13.27 MB ( 93%) used,   829.09 KB (  6%) free+waste,   132.19 KB ( <1%) overhead. 
       Both:    107.40 MB capacity,   104.88 MB ( 98%) used,     2.11 MB (  2%) free+waste,   425.38 KB ( <1%) overhead. 

Virtual space:
  Non-class space:       94.00 MB reserved,      93.21 MB (>99%) committed 
      Class space:        1.00 GB reserved,      14.25 MB (  1%) committed 
             Both:        1.09 GB reserved,     107.46 MB ( 10%) committed 

Chunk freelists:
   Non-Class:  19.00 KB
       Class:  11.00 KB
        Both:  30.00 KB

MaxMetaspaceSize: 17179869184.00 GB
CompressedClassSpaceSize: 1.00 GB
Initial GC threshold: 20.80 MB
Current GC threshold: 174.52 MB
CDS: off

CodeHeap 'non-profiled nmethods': size=120000Kb used=8118Kb max_used=8118Kb free=111881Kb
 bounds [0x000002018e7d0000, 0x000002018efc0000, 0x0000020195d00000]
CodeHeap 'profiled nmethods': size=120000Kb used=27397Kb max_used=27397Kb free=92602Kb
 bounds [0x00000201872a0000, 0x0000020188d70000, 0x000002018e7d0000]
CodeHeap 'non-nmethods': size=5760Kb used=2438Kb max_used=2485Kb free=3321Kb
 bounds [0x0000020186d00000, 0x0000020186f80000, 0x00000201872a0000]
 total_blobs=13383 nmethods=12411 adapters=884
 compilation: enabled
              stopped_count=0, restarted_count=0
 full_count=0

Compilation events (20 events):
Event: 39.945 Thread 0x000002019e761800 nmethod 12434 0x0000020188d3bf90 code [0x0000020188d3c280, 0x0000020188d3d978]
Event: 39.946 Thread 0x000002019e761800 12435       3       sun.management.Util::newObjectName (11 bytes)
Event: 39.949 Thread 0x000002019e761800 nmethod 12435 0x0000020188d3e010 code [0x0000020188d3e540, 0x0000020188d41468]
Event: 39.951 Thread 0x000002019e75d800 nmethod 12381 0x000002018efb7d90 code [0x000002018efb7f60, 0x000002018efb8238]
Event: 39.951 Thread 0x000002019e75d800 12421       4       com.google.common.collect.ImmutableList::hashCode (42 bytes)
Event: 39.954 Thread 0x000002019e75d800 nmethod 12421 0x000002018efb8410 code [0x000002018efb85c0, 0x000002018efb8738]
Event: 39.954 Thread 0x000002019e75d800 12377       4       java.util.regex.Pattern$BmpCharPredicate$$Lambda$14/0x0000000100090440::is (13 bytes)
Event: 39.956 Thread 0x000002019e75d800 nmethod 12377 0x000002018efb8910 code [0x000002018efb8ac0, 0x000002018efb8bd8]
Event: 39.956 Thread 0x000002019e75d800 12379       4       java.util.regex.Pattern$BmpCharPredicate::lambda$union$2 (26 bytes)
Event: 39.957 Thread 0x000002019e75d800 nmethod 12379 0x000002018efb8d10 code [0x000002018efb8ea0, 0x000002018efb8f58]
Event: 39.957 Thread 0x000002019e75d800 12382       4       java.util.regex.Pattern$$Lambda$12/0x0000000100063440::is (9 bytes)
Event: 39.958 Thread 0x000002019e75d800 nmethod 12382 0x000002018efb9010 code [0x000002018efb91a0, 0x000002018efb9258]
Event: 39.964 Thread 0x000002019e761800 12436       3       org.gradle.api.internal.artifacts.DefaultModuleVersionIdentifier::newId (26 bytes)
Event: 39.965 Thread 0x000002019e761800 nmethod 12436 0x0000020188d42710 code [0x0000020188d42900, 0x0000020188d42cd8]
Event: 39.965 Thread 0x000002019e761800 12437       3       org.gradle.api.internal.artifacts.ivyservice.resolutionstrategy.DefaultCachePolicy$$Lambda$420/0x000000010058e440::execute (16 bytes)
Event: 39.965 Thread 0x000002019e761800 nmethod 12437 0x0000020188d42e10 code [0x0000020188d42fe0, 0x0000020188d43448]
Event: 39.965 Thread 0x000002019e761800 12438       3       org.gradle.api.internal.artifacts.ivyservice.modulecache.artifacts.InMemoryModuleArtifactCache::lookup (54 bytes)
Event: 39.966 Thread 0x000002019e761800 nmethod 12438 0x0000020188d43590 code [0x0000020188d43780, 0x0000020188d43ca8]
Event: 39.991 Thread 0x000002019e761800 12439       3       org.gradle.api.internal.artifacts.ivyservice.resolutionstrategy.DefaultCachePolicy$CachedArtifactResolutionControl::<init> (14 bytes)
Event: 39.992 Thread 0x000002019e761800 nmethod 12439 0x0000020188d43e10 code [0x0000020188d43fe0, 0x0000020188d44268]

GC Heap History (20 events):
Event: 17.586 GC heap before
{Heap before GC invocations=6 (full 0):
 garbage-first heap   total 260096K, used 159567K [0x0000000080000000, 0x0000000100000000)
  region size 1024K, 112 young (114688K), 8 survivors (8192K)
 Metaspace       used 45291K, capacity 46508K, committed 46592K, reserved 1089536K
  class space    used 5666K, capacity 6123K, committed 6144K, reserved 1048576K
}
Event: 17.600 GC heap after
{Heap after GC invocations=7 (full 0):
 garbage-first heap   total 260096K, used 59863K [0x0000000080000000, 0x0000000100000000)
  region size 1024K, 14 young (14336K), 14 survivors (14336K)
 Metaspace       used 45291K, capacity 46508K, committed 46592K, reserved 1089536K
  class space    used 5666K, capacity 6123K, committed 6144K, reserved 1048576K
}
Event: 19.510 GC heap before
{Heap before GC invocations=8 (full 0):
 garbage-first heap   total 260096K, used 175575K [0x0000000080000000, 0x0000000100000000)
  region size 1024K, 122 young (124928K), 14 survivors (14336K)
 Metaspace       used 54206K, capacity 55653K, committed 55936K, reserved 1097728K
  class space    used 6977K, capacity 7509K, committed 7552K, reserved 1048576K
}
Event: 19.528 GC heap after
{Heap after GC invocations=9 (full 0):
 garbage-first heap   total 260096K, used 73370K [0x0000000080000000, 0x0000000100000000)
  region size 1024K, 16 young (16384K), 16 survivors (16384K)
 Metaspace       used 54206K, capacity 55653K, committed 55936K, reserved 1097728K
  class space    used 6977K, capacity 7509K, committed 7552K, reserved 1048576K
}
Event: 23.936 GC heap before
{Heap before GC invocations=9 (full 0):
 garbage-first heap   total 260096K, used 188058K [0x0000000080000000, 0x0000000100000000)
  region size 1024K, 124 young (126976K), 16 survivors (16384K)
 Metaspace       used 59924K, capacity 61677K, committed 61824K, reserved 1103872K
  class space    used 7682K, capacity 8288K, committed 8320K, reserved 1048576K
}
Event: 23.949 GC heap after
{Heap after GC invocations=10 (full 0):
 garbage-first heap   total 260096K, used 85998K [0x0000000080000000, 0x0000000100000000)
  region size 1024K, 16 young (16384K), 16 survivors (16384K)
 Metaspace       used 59924K, capacity 61677K, committed 61824K, reserved 1103872K
  class space    used 7682K, capacity 8288K, committed 8320K, reserved 1048576K
}
Event: 25.165 GC heap before
{Heap before GC invocations=10 (full 0):
 garbage-first heap   total 260096K, used 199662K [0x0000000080000000, 0x0000000100000000)
  region size 1024K, 121 young (123904K), 16 survivors (16384K)
 Metaspace       used 71897K, capacity 73780K, committed 74112K, reserved 1114112K
  class space    used 9110K, capacity 9779K, committed 9856K, reserved 1048576K
}
Event: 25.176 GC heap after
{Heap after GC invocations=11 (full 0):
 garbage-first heap   total 260096K, used 93788K [0x0000000080000000, 0x0000000100000000)
  region size 1024K, 16 young (16384K), 16 survivors (16384K)
 Metaspace       used 71897K, capacity 73780K, committed 74112K, reserved 1114112K
  class space    used 9110K, capacity 9779K, committed 9856K, reserved 1048576K
}
Event: 25.972 GC heap before
{Heap before GC invocations=11 (full 0):
 garbage-first heap   total 260096K, used 169564K [0x0000000080000000, 0x0000000100000000)
  region size 1024K, 90 young (92160K), 16 survivors (16384K)
 Metaspace       used 75553K, capacity 77531K, committed 77656K, reserved 1116160K
  class space    used 9598K, capacity 10318K, committed 10368K, reserved 1048576K
}
Event: 26.002 GC heap after
{Heap after GC invocations=12 (full 0):
 garbage-first heap   total 260096K, used 98326K [0x0000000080000000, 0x0000000100000000)
  region size 1024K, 12 young (12288K), 12 survivors (12288K)
 Metaspace       used 75553K, capacity 77531K, committed 77656K, reserved 1116160K
  class space    used 9598K, capacity 10318K, committed 10368K, reserved 1048576K
}
Event: 28.511 GC heap before
{Heap before GC invocations=13 (full 0):
 garbage-first heap   total 260096K, used 216086K [0x0000000080000000, 0x0000000100000000)
  region size 1024K, 105 young (107520K), 12 survivors (12288K)
 Metaspace       used 84493K, capacity 86659K, committed 87000K, reserved 1124352K
  class space    used 10867K, capacity 11651K, committed 11776K, reserved 1048576K
}
Event: 28.525 GC heap after
{Heap after GC invocations=14 (full 0):
 garbage-first heap   total 260096K, used 134409K [0x0000000080000000, 0x0000000100000000)
  region size 1024K, 14 young (14336K), 14 survivors (14336K)
 Metaspace       used 84493K, capacity 86659K, committed 87000K, reserved 1124352K
  class space    used 10867K, capacity 11651K, committed 11776K, reserved 1048576K
}
Event: 29.063 GC heap before
{Heap before GC invocations=14 (full 0):
 garbage-first heap   total 260096K, used 197897K [0x0000000080000000, 0x0000000100000000)
  region size 1024K, 77 young (78848K), 14 survivors (14336K)
 Metaspace       used 86605K, capacity 88915K, committed 89048K, reserved 1126400K
  class space    used 11117K, capacity 11927K, committed 12032K, reserved 1048576K
}
Event: 29.073 GC heap after
{Heap after GC invocations=15 (full 0):
 garbage-first heap   total 260096K, used 138376K [0x0000000080000000, 0x0000000100000000)
  region size 1024K, 3 young (3072K), 3 survivors (3072K)
 Metaspace       used 86605K, capacity 88915K, committed 89048K, reserved 1126400K
  class space    used 11117K, capacity 11927K, committed 12032K, reserved 1048576K
}
Event: 30.294 GC heap before
{Heap before GC invocations=16 (full 0):
 garbage-first heap   total 260096K, used 208008K [0x0000000080000000, 0x0000000100000000)
  region size 1024K, 70 young (71680K), 3 survivors (3072K)
 Metaspace       used 94795K, capacity 97131K, committed 97240K, reserved 1134592K
  class space    used 12123K, capacity 12961K, committed 13056K, reserved 1048576K
}
Event: 30.301 GC heap after
{Heap after GC invocations=17 (full 0):
 garbage-first heap   total 260096K, used 140303K [0x0000000080000000, 0x0000000100000000)
  region size 1024K, 5 young (5120K), 5 survivors (5120K)
 Metaspace       used 94795K, capacity 97131K, committed 97240K, reserved 1134592K
  class space    used 12123K, capacity 12961K, committed 13056K, reserved 1048576K
}
Event: 32.566 GC heap before
{Heap before GC invocations=17 (full 0):
 garbage-first heap   total 260096K, used 208911K [0x0000000080000000, 0x0000000100000000)
  region size 1024K, 73 young (74752K), 5 survivors (5120K)
 Metaspace       used 104491K, capacity 107039K, committed 107224K, reserved 1142784K
  class space    used 13364K, capacity 14290K, committed 14336K, reserved 1048576K
}
Event: 32.578 GC heap after
{Heap after GC invocations=18 (full 0):
 garbage-first heap   total 260096K, used 144802K [0x0000000080000000, 0x0000000100000000)
  region size 1024K, 10 young (10240K), 10 survivors (10240K)
 Metaspace       used 104491K, capacity 107039K, committed 107224K, reserved 1142784K
  class space    used 13364K, capacity 14290K, committed 14336K, reserved 1048576K
}
Event: 38.783 GC heap before
{Heap before GC invocations=19 (full 0):
 garbage-first heap   total 260096K, used 211362K [0x0000000080000000, 0x0000000100000000)
  region size 1024K, 76 young (77824K), 10 survivors (10240K)
 Metaspace       used 106201K, capacity 108897K, committed 109144K, reserved 1144832K
  class space    used 13491K, capacity 14446K, committed 14464K, reserved 1048576K
}
Event: 38.795 GC heap after
{Heap after GC invocations=20 (full 0):
 garbage-first heap   total 260096K, used 149445K [0x0000000080000000, 0x0000000100000000)
  region size 1024K, 10 young (10240K), 10 survivors (10240K)
 Metaspace       used 106201K, capacity 108897K, committed 109144K, reserved 1144832K
  class space    used 13491K, capacity 14446K, committed 14464K, reserved 1048576K
}

Deoptimization events (20 events):
Event: 39.669 Thread 0x00000201a0a03000 Uncommon trap: trap_request=0xffffff4d fr.pc=0x000002018ef91764 relative=0x0000000000000044
Event: 39.669 Thread 0x00000201a0a03000 Uncommon trap: reason=unstable_if action=reinterpret pc=0x000002018ef91764 method=kotlin.jvm.internal.Intrinsics.areEqual(Ljava/lang/Object;Ljava/lang/Object;)Z @ 1 c2
Event: 39.669 Thread 0x00000201a0a03000 DEOPT PACKING pc=0x000002018ef91764 sp=0x0000006b0cffac20
Event: 39.669 Thread 0x00000201a0a03000 DEOPT UNPACKING pc=0x0000020186d4a1af sp=0x0000006b0cffabc0 mode 2
Event: 39.825 Thread 0x00000201a0a03000 Uncommon trap: trap_request=0xffffffc6 fr.pc=0x000002018ecf2388 relative=0x0000000000000148
Event: 39.825 Thread 0x00000201a0a03000 Uncommon trap: reason=bimorphic_or_optimized_type_check action=maybe_recompile pc=0x000002018ecf2388 method=java.util.regex.Pattern$BmpCharPredicate.lambda$union$2(Ljava/util/regex/Pattern$CharPredicate;I)Z @ 12 c2
Event: 39.825 Thread 0x00000201a0a03000 DEOPT PACKING pc=0x000002018ecf2388 sp=0x0000006b0cffb170
Event: 39.825 Thread 0x00000201a0a03000 DEOPT UNPACKING pc=0x0000020186d4a1af sp=0x0000006b0cffb088 mode 2
Event: 39.825 Thread 0x00000201a0a03000 Uncommon trap: trap_request=0xffffffc6 fr.pc=0x000002018ecf2388 relative=0x0000000000000148
Event: 39.825 Thread 0x00000201a0a03000 Uncommon trap: reason=bimorphic_or_optimized_type_check action=maybe_recompile pc=0x000002018ecf2388 method=java.util.regex.Pattern$BmpCharPredicate.lambda$union$2(Ljava/util/regex/Pattern$CharPredicate;I)Z @ 12 c2
Event: 39.825 Thread 0x00000201a0a03000 DEOPT PACKING pc=0x000002018ecf2388 sp=0x0000006b0cffb170
Event: 39.825 Thread 0x00000201a0a03000 DEOPT UNPACKING pc=0x0000020186d4a1af sp=0x0000006b0cffb088 mode 2
Event: 39.825 Thread 0x00000201a0a03000 Uncommon trap: trap_request=0xffffffc6 fr.pc=0x000002018ecf2388 relative=0x0000000000000148
Event: 39.825 Thread 0x00000201a0a03000 Uncommon trap: reason=bimorphic_or_optimized_type_check action=maybe_recompile pc=0x000002018ecf2388 method=java.util.regex.Pattern$BmpCharPredicate.lambda$union$2(Ljava/util/regex/Pattern$CharPredicate;I)Z @ 12 c2
Event: 39.825 Thread 0x00000201a0a03000 DEOPT PACKING pc=0x000002018ecf2388 sp=0x0000006b0cffb020
Event: 39.825 Thread 0x00000201a0a03000 DEOPT UNPACKING pc=0x0000020186d4a1af sp=0x0000006b0cffaf38 mode 2
Event: 39.828 Thread 0x00000201a0a03000 Uncommon trap: trap_request=0xffffffc6 fr.pc=0x000002018ecf2388 relative=0x0000000000000148
Event: 39.828 Thread 0x00000201a0a03000 Uncommon trap: reason=bimorphic_or_optimized_type_check action=maybe_recompile pc=0x000002018ecf2388 method=java.util.regex.Pattern$BmpCharPredicate.lambda$union$2(Ljava/util/regex/Pattern$CharPredicate;I)Z @ 12 c2
Event: 39.828 Thread 0x00000201a0a03000 DEOPT PACKING pc=0x000002018ecf2388 sp=0x0000006b0cffb170
Event: 39.828 Thread 0x00000201a0a03000 DEOPT UNPACKING pc=0x0000020186d4a1af sp=0x0000006b0cffb088 mode 2

Classes redefined (0 events):
No events

Internal exceptions (20 events):
Event: 29.966 Thread 0x00000201a0a03000 Exception <a 'sun/nio/fs/WindowsException'{0x000000008d3b1cd0}> (0x000000008d3b1cd0) thrown at [./src/hotspot/share/prims/jni.cpp, line 616]
Event: 29.966 Thread 0x00000201a0a03000 Exception <a 'sun/nio/fs/WindowsException'{0x000000008d3b2f48}> (0x000000008d3b2f48) thrown at [./src/hotspot/share/prims/jni.cpp, line 616]
Event: 29.967 Thread 0x00000201a0a03000 Exception <a 'sun/nio/fs/WindowsException'{0x000000008d3b4268}> (0x000000008d3b4268) thrown at [./src/hotspot/share/prims/jni.cpp, line 616]
Event: 29.967 Thread 0x00000201a0a03000 Exception <a 'sun/nio/fs/WindowsException'{0x000000008d3b5588}> (0x000000008d3b5588) thrown at [./src/hotspot/share/prims/jni.cpp, line 616]
Event: 30.135 Thread 0x00000201a0a03000 Exception <a 'java/lang/NoSuchMethodError'{0x000000008c8c3c18}: 'int java.lang.invoke.DirectMethodHandle$Holder.invokeSpecialIFC(java.lang.Object, java.lang.Object, java.lang.Object)'> (0x000000008c8c3c18) thrown at [./src/hotspot/share/interpreter/linkResolver.cpp, line 773]
Event: 30.176 Thread 0x00000201a0a03000 Exception <a 'java/lang/NoSuchMethodError'{0x000000008c5c7ac8}: 'java.lang.Object java.lang.invoke.Invokers$Holder.linkToTargetMethod(java.lang.Object, java.lang.Object, java.lang.Object, int, java.lang.Object, java.lang.Object)'> (0x000000008c5c7ac8) thrown at [./src/hotspot/share/interpreter/linkResolver.cpp, line 773]
Event: 30.367 Thread 0x00000201a0a03000 Exception <a 'java/lang/NoSuchMethodError'{0x000000008f9e6430}: 'void java.lang.invoke.DirectMethodHandle$Holder.invokeStatic(java.lang.Object, java.lang.Object, java.lang.Object, java.lang.Object, int, java.lang.Object, java.lang.Object)'> (0x000000008f9e6430) thrown at [./src/hotspot/share/interpreter/linkResolver.cpp, line 773]
Event: 30.382 Thread 0x00000201a0a03000 Exception <a 'java/lang/IncompatibleClassChangeError'{0x000000008f7946b8}: Found class java.lang.Object, but interface was expected> (0x000000008f7946b8) thrown at [./src/hotspot/share/interpreter/linkResolver.cpp, line 839]
Event: 30.696 Thread 0x00000201a5a0e800 Exception <a 'java/lang/IncompatibleClassChangeError'{0x000000008f408978}: Found class java.lang.Object, but interface was expected> (0x000000008f408978) thrown at [./src/hotspot/share/interpreter/linkResolver.cpp, line 839]
Event: 30.710 Thread 0x00000201a5a0e800 Exception <a 'java/lang/NoSuchMethodError'{0x000000008f3dc250}: 'int java.lang.invoke.DirectMethodHandle$Holder.invokeStaticInit(java.lang.Object, java.lang.Object, java.lang.Object, java.lang.Object, java.lang.Object)'> (0x000000008f3dc250) thrown at [./src/hotspot/share/interpreter/linkResolver.cpp, line 773]
Event: 30.817 Thread 0x00000201a0a03000 Implicit null exception at 0x000002018edf7d53 to 0x000002018ee01de8
Event: 31.263 Thread 0x00000201a0a03000 Implicit null exception at 0x000002018edd97e3 to 0x000002018edda068
Event: 31.369 Thread 0x00000201a0a03000 Exception <a 'sun/nio/fs/WindowsException'{0x000000008db0aa30}> (0x000000008db0aa30) thrown at [./src/hotspot/share/prims/jni.cpp, line 616]
Event: 32.884 Thread 0x00000201a3c90000 Exception <a 'java/lang/NoSuchMethodError'{0x000000008f4e7a78}: 'java.lang.Object java.lang.invoke.DirectMethodHandle$Holder.invokeSpecialIFC(java.lang.Object, java.lang.Object, java.lang.Object)'> (0x000000008f4e7a78) thrown at [./src/hotspot/share/interpreter/linkResolver.cpp, line 773]
Event: 32.884 Thread 0x00000201a5615000 Exception <a 'java/lang/NoSuchMethodError'{0x000000008f154fe8}: 'java.lang.Object java.lang.invoke.DirectMethodHandle$Holder.invokeSpecialIFC(java.lang.Object, java.lang.Object, java.lang.Object)'> (0x000000008f154fe8) thrown at [./src/hotspot/share/interpreter/linkResolver.cpp, line 773]
Event: 32.884 Thread 0x00000201a6032000 Exception <a 'java/lang/NoSuchMethodError'{0x000000008f161308}: 'java.lang.Object java.lang.invoke.DirectMethodHandle$Holder.invokeSpecialIFC(java.lang.Object, java.lang.Object, java.lang.Object)'> (0x000000008f161308) thrown at [./src/hotspot/share/interpreter/linkResolver.cpp, line 773]
Event: 32.884 Thread 0x00000201a3c8d800 Exception <a 'java/lang/NoSuchMethodError'{0x000000008f4cfd18}: 'java.lang.Object java.lang.invoke.DirectMethodHandle$Holder.invokeSpecialIFC(java.lang.Object, java.lang.Object, java.lang.Object)'> (0x000000008f4cfd18) thrown at [./src/hotspot/share/interpreter/linkResolver.cpp, line 773]
Event: 32.884 Thread 0x00000201a3c91000 Exception <a 'java/lang/NoSuchMethodError'{0x000000008f4b5d78}: 'java.lang.Object java.lang.invoke.DirectMethodHandle$Holder.invokeSpecialIFC(java.lang.Object, java.lang.Object, java.lang.Object)'> (0x000000008f4b5d78) thrown at [./src/hotspot/share/interpreter/linkResolver.cpp, line 773]
Event: 33.059 Thread 0x00000201a603d800 Implicit null exception at 0x000002018eec305b to 0x000002018eec30f0
Event: 33.169 Thread 0x00000201a0a03000 Exception <a 'java/lang/NoSuchMethodError'{0x000000008df4ce00}: 'java.lang.Object java.lang.invoke.DirectMethodHandle$Holder.newInvokeSpecial(java.lang.Object, java.lang.Object, java.lang.Object, java.lang.Object)'> (0x000000008df4ce00) thrown at [./src/hotspot/share/interpreter/linkResolver.cpp, line 773]

Events (20 events):
Event: 39.843 loading class com/android/ide/gradle/model/AdditionalClassifierArtifactsModelParameter
Event: 39.843 loading class com/android/ide/gradle/model/AdditionalClassifierArtifactsModelParameter done
Event: 39.843 loading class com/android/tools/idea/gradle/project/sync/AdditionalClassifierArtifactsModelCollectorKt$getAdditionalClassifierArtifactsModel$1$1$1
Event: 39.843 loading class com/android/tools/idea/gradle/project/sync/AdditionalClassifierArtifactsModelCollectorKt$getAdditionalClassifierArtifactsModel$1$1$1 done
Event: 39.843 loading class com/android/builder/model/NativeAndroidProject
Event: 39.843 loading class com/android/builder/model/NativeAndroidProject done
Event: 39.844 loading class com/android/builder/model/NativeVariantAbi
Event: 39.844 loading class com/android/builder/model/NativeVariantAbi done
Event: 39.846 loading class com/android/ide/gradle/model/AdditionalClassifierArtifactsModelParameter
Event: 39.846 loading class com/android/ide/gradle/model/AdditionalClassifierArtifactsModelParameter done
Event: 39.869 loading class com/android/ide/gradle/model/ArtifactIdentifier
Event: 39.869 loading class com/android/ide/gradle/model/ArtifactIdentifier done
Event: 39.870 loading class org/gradle/internal/component/external/model/DefaultModuleComponentIdentifier
Event: 39.870 loading class org/gradle/internal/component/external/model/DefaultModuleComponentIdentifier done
Event: 39.871 loading class com/android/ide/gradle/model/artifacts/builder/AdditionalClassifierArtifactsModelBuilder$buildAll$ids$1$1
Event: 39.871 loading class com/android/ide/gradle/model/artifacts/builder/AdditionalClassifierArtifactsModelBuilder$buildAll$ids$1$1 done
Event: 39.873 loading class org/gradle/maven/MavenModule
Event: 39.873 loading class org/gradle/maven/MavenModule done
Event: 39.873 loading class org/gradle/maven/MavenPomArtifact
Event: 39.873 loading class org/gradle/maven/MavenPomArtifact done


Dynamic libraries:
0x00007ff69b010000 - 0x00007ff69b01a000 	E:\android\jre\bin\java.exe
0x00007ff884880000 - 0x00007ff884a70000 	C:\Windows\SYSTEM32\ntdll.dll
0x00007ff8829c0000 - 0x00007ff882a72000 	C:\Windows\System32\KERNEL32.DLL
0x00007ff881900000 - 0x00007ff881ba5000 	C:\Windows\System32\KERNELBASE.dll
0x00007ff8825e0000 - 0x00007ff8826da000 	C:\Windows\System32\ucrtbase.dll
0x00007ff8667f0000 - 0x00007ff866807000 	E:\android\jre\bin\VCRUNTIME140.dll
0x00007ff8664b0000 - 0x00007ff8664c9000 	E:\android\jre\bin\jli.dll
0x00007ff882eb0000 - 0x00007ff883044000 	C:\Windows\System32\USER32.dll
0x00007ff8823c0000 - 0x00007ff8823e1000 	C:\Windows\System32\win32u.dll
0x00007ff86a970000 - 0x00007ff86abf4000 	C:\Windows\WinSxS\amd64_microsoft.windows.common-controls_6595b64144ccf1df_6.0.18362.2274_none_9e8067a5e45c3d75\COMCTL32.dll
0x00007ff883b60000 - 0x00007ff883b86000 	C:\Windows\System32\GDI32.dll
0x00007ff882920000 - 0x00007ff8829be000 	C:\Windows\System32\msvcrt.dll
0x00007ff882730000 - 0x00007ff8828c8000 	C:\Windows\System32\gdi32full.dll
0x00007ff8823f0000 - 0x00007ff88248e000 	C:\Windows\System32\msvcp_win.dll
0x00007ff8830d0000 - 0x00007ff883406000 	C:\Windows\System32\combase.dll
0x00007ff8834a0000 - 0x00007ff8835bb000 	C:\Windows\System32\RPCRT4.dll
0x00007ff882330000 - 0x00007ff8823b4000 	C:\Windows\System32\bcryptPrimitives.dll
0x00007ff882be0000 - 0x00007ff882c0e000 	C:\Windows\System32\IMM32.DLL
0x00007ff865240000 - 0x00007ff8652dd000 	E:\android\jre\bin\msvcp140.dll
0x00007ff823430000 - 0x00007ff823f32000 	E:\android\jre\bin\server\jvm.dll
0x00007ff882c20000 - 0x00007ff882cc5000 	C:\Windows\System32\ADVAPI32.dll
0x00007ff883ac0000 - 0x00007ff883b58000 	C:\Windows\System32\sechost.dll
0x00007ff883490000 - 0x00007ff883498000 	C:\Windows\System32\PSAPI.DLL
0x00007ff876600000 - 0x00007ff876624000 	C:\Windows\SYSTEM32\WINMM.dll
0x00007ff87ad10000 - 0x00007ff87ad1a000 	C:\Windows\SYSTEM32\VERSION.dll
0x00007ff86b680000 - 0x00007ff86b689000 	C:\Windows\SYSTEM32\WSOCK32.dll
0x00007ff883410000 - 0x00007ff88347f000 	C:\Windows\System32\WS2_32.dll
0x00007ff8765d0000 - 0x00007ff8765fd000 	C:\Windows\SYSTEM32\winmmbase.dll
0x00007ff8826e0000 - 0x00007ff88272a000 	C:\Windows\System32\cfgmgr32.dll
0x00007ff881780000 - 0x00007ff881791000 	C:\Windows\System32\kernel.appcore.dll
0x00007ff86c810000 - 0x00007ff86c821000 	E:\android\jre\bin\verify.dll
0x00007ff87fe10000 - 0x00007ff880004000 	C:\Windows\SYSTEM32\DBGHELP.DLL
0x00007ff86b690000 - 0x00007ff86b6ba000 	C:\Windows\SYSTEM32\dbgcore.DLL
0x00007ff85f870000 - 0x00007ff85f899000 	E:\android\jre\bin\java.dll
0x00007ff86d520000 - 0x00007ff86d52b000 	E:\android\jre\bin\jimage.dll
0x00007ff867110000 - 0x00007ff867128000 	E:\android\jre\bin\zip.dll
0x00007ff884010000 - 0x00007ff8846f7000 	C:\Windows\System32\SHELL32.dll
0x00007ff883620000 - 0x00007ff8836c9000 	C:\Windows\System32\shcore.dll
0x00007ff881bb0000 - 0x00007ff88232c000 	C:\Windows\System32\windows.storage.dll
0x00007ff881760000 - 0x00007ff88177e000 	C:\Windows\System32\profapi.dll
0x00007ff8817a0000 - 0x00007ff8817ea000 	C:\Windows\System32\powrprof.dll
0x00007ff881730000 - 0x00007ff881740000 	C:\Windows\System32\UMPDC.dll
0x00007ff8835c0000 - 0x00007ff883612000 	C:\Windows\System32\shlwapi.dll
0x00007ff882900000 - 0x00007ff882917000 	C:\Windows\System32\cryptsp.dll
0x00007ff866da0000 - 0x00007ff866dba000 	E:\android\jre\bin\net.dll
0x00007ff877af0000 - 0x00007ff877be9000 	C:\Windows\SYSTEM32\WINHTTP.dll
0x00007ff880f70000 - 0x00007ff880fd7000 	C:\Windows\system32\mswsock.dll
0x00007ff866ce0000 - 0x00007ff866cf4000 	E:\android\jre\bin\nio.dll
0x00007ff866570000 - 0x00007ff866597000 	C:\Users\USER\.gradle\native\e1d6ef7f7dcc3fd88c89a11ec53ec762bb8ba0a96d01ffa2cd45eb1d1d8dd5c5\windows-amd64\native-platform.dll
0x00007ff840500000 - 0x00007ff840644000 	C:\Users\USER\.gradle\native\0d407fdbe67a94daf76414ababcb853783967236a71b16ec16e742cd7a986fd3\windows-amd64\native-platform-file-events.dll
0x00007ff86cae0000 - 0x00007ff86caea000 	E:\android\jre\bin\management.dll
0x00007ff86ca30000 - 0x00007ff86ca3d000 	E:\android\jre\bin\management_ext.dll
0x00007ff880af0000 - 0x00007ff880b23000 	C:\Windows\system32\rsaenh.dll
0x00007ff8828d0000 - 0x00007ff8828f6000 	C:\Windows\System32\bcrypt.dll
0x00007ff881650000 - 0x00007ff881675000 	C:\Windows\SYSTEM32\USERENV.dll
0x00007ff881140000 - 0x00007ff88114c000 	C:\Windows\SYSTEM32\CRYPTBASE.dll
0x00007ff880c80000 - 0x00007ff880cba000 	C:\Windows\SYSTEM32\IPHLPAPI.DLL
0x00007ff882c10000 - 0x00007ff882c18000 	C:\Windows\System32\NSI.dll
0x00007ff87b160000 - 0x00007ff87b176000 	C:\Windows\SYSTEM32\dhcpcsvc6.DLL
0x00007ff87b140000 - 0x00007ff87b15c000 	C:\Windows\SYSTEM32\dhcpcsvc.DLL
0x00007ff880cc0000 - 0x00007ff880d8a000 	C:\Windows\SYSTEM32\DNSAPI.dll
0x00007ff8634c0000 - 0x00007ff8634e7000 	E:\android\jre\bin\sunec.dll
0x00007ff878cb0000 - 0x00007ff878cba000 	C:\Windows\System32\rasadhlp.dll
0x00007ff87ae80000 - 0x00007ff87aef7000 	C:\Windows\System32\fwpuclnt.dll

dbghelp: loaded successfully - version: 4.0.5 - missing functions: none
symbol engine: initialized successfully - sym options: 0x614 - pdb path: .;E:\android\jre\bin;C:\Windows\SYSTEM32;C:\Windows\WinSxS\amd64_microsoft.windows.common-controls_6595b64144ccf1df_6.0.18362.2274_none_9e8067a5e45c3d75;E:\android\jre\bin\server;C:\Users\USER\.gradle\native\e1d6ef7f7dcc3fd88c89a11ec53ec762bb8ba0a96d01ffa2cd45eb1d1d8dd5c5\windows-amd64;C:\Users\USER\.gradle\native\0d407fdbe67a94daf76414ababcb853783967236a71b16ec16e742cd7a986fd3\windows-amd64

VM Arguments:
jvm_args: --add-opens=java.base/java.util=ALL-UNNAMED --add-opens=java.base/java.lang=ALL-UNNAMED --add-opens=java.base/java.lang.invoke=ALL-UNNAMED --add-opens=java.base/java.util=ALL-UNNAMED --add-opens=java.prefs/java.util.prefs=ALL-UNNAMED --add-opens=java.prefs/java.util.prefs=ALL-UNNAMED --add-opens=java.base/java.nio.charset=ALL-UNNAMED --add-opens=java.base/java.net=ALL-UNNAMED --add-opens=java.base/java.util.concurrent.atomic=ALL-UNNAMED -Xmx2048m -Dfile.encoding=UTF-8 -Duser.country=US -Duser.language=en -Duser.variant 
java_command: org.gradle.launcher.daemon.bootstrap.GradleDaemon 7.4
java_class_path (initial): C:\Users\USER\.gradle\wrapper\dists\gradle-7.4-bin\c0gwcg53nkjbqw7r0h0umtfvt\gradle-7.4\lib\gradle-launcher-7.4.jar
Launcher Type: SUN_STANDARD

[Global flags]
     intx CICompilerCount                          = 4                                         {product} {ergonomic}
     uint ConcGCThreads                            = 2                                         {product} {ergonomic}
     uint G1ConcRefinementThreads                  = 8                                         {product} {ergonomic}
   size_t G1HeapRegionSize                         = 1048576                                   {product} {ergonomic}
    uintx GCDrainStackTargetSize                   = 64                                        {product} {ergonomic}
   size_t InitialHeapSize                          = 266338304                                 {product} {ergonomic}
   size_t MarkStackSize                            = 4194304                                   {product} {ergonomic}
   size_t MaxHeapSize                              = 2147483648                                {product} {command line}
   size_t MaxNewSize                               = 1287651328                                {product} {ergonomic}
   size_t MinHeapDeltaBytes                        = 1048576                                   {product} {ergonomic}
    uintx NonNMethodCodeHeapSize                   = 5836300                                {pd product} {ergonomic}
    uintx NonProfiledCodeHeapSize                  = 122910970                              {pd product} {ergonomic}
    uintx ProfiledCodeHeapSize                     = 122910970                              {pd product} {ergonomic}
    uintx ReservedCodeCacheSize                    = 251658240                              {pd product} {ergonomic}
     bool SegmentedCodeCache                       = true                                      {product} {ergonomic}
     bool UseCompressedClassPointers               = true                                 {lp64_product} {ergonomic}
     bool UseCompressedOops                        = true                                 {lp64_product} {ergonomic}
     bool UseG1GC                                  = true                                      {product} {ergonomic}
     bool UseLargePagesIndividualAllocation        = false                                  {pd product} {ergonomic}

Logging:
Log output configuration:
 #0: stdout all=warning uptime,level,tags
 #1: stderr all=off uptime,level,tags

Environment Variables:
JAVA_HOME=C:\Program Files\Java\jdk-19
PATH=C:\Program Files\Common Files\Oracle\Java\javapath;C:\Python39\Scripts\;C:\Python39\;C:\Windows\system32;C:\Windows;C:\Windows\System32\Wbem;C:\Windows\System32\WindowsPowerShell\v1.0\;C:\Windows\System32\OpenSSH\;C:\Program Files\Intel\WiFi\bin\;C:\Program Files\Common Files\Intel\WirelessCommon\;C:\Program Files (x86)\NVIDIA Corporation\PhysX\Common;C:\Program Files\NVIDIA Corporation\NVIDIA NvDLISR;D:\Node\;C:\ProgramData\chocolatey\bin;C:\Program Files\Java\jdk-19\bin;C:\Users\USER\scoop\shims;C:\Users\USER\AppData\Local\Microsoft\WindowsApps;C:\Program Files\Intel\WiFi\bin\;C:\Program Files\Common Files\Intel\WirelessCommon\;C:\Users\USER\AppData\Local\Programs\Microsoft VS Code\bin;C:\Users\USER\.dotnet\tools;C:\Users\USER\AppData\Local\GitHubDesktop\bin;C:\Users\USER\AppData\Roaming\npm
USERNAME=USER
OS=Windows_NT
PROCESSOR_IDENTIFIER=Intel64 Family 6 Model 158 Stepping 10, GenuineIntel



---------------  S Y S T E M  ---------------

OS: Windows 10 , 64 bit Build 18362 (10.0.18362.2274)
OS uptime: 1 days 2:02 hours

CPU:total 8 (initial active 8) (4 cores per cpu, 2 threads per core) family 6 model 158 stepping 10 microcode 0xde, cmov, cx8, fxsr, mmx, sse, sse2, sse3, ssse3, sse4.1, sse4.2, popcnt, avx, avx2, aes, clmul, erms, 3dnowpref, lzcnt, ht, tsc, tscinvbit, bmi1, bmi2, adx, fma

Memory: 4k page, system-wide physical 16226M (2656M free)
TotalPageFile size 16226M (AvailPageFile size 8M)
current process WorkingSet (physical memory assigned to process): 555M, peak: 557M
current process commit charge ("private bytes"): 610M, peak: 611M

vm_info: OpenJDK 64-Bit Server VM (11.0.13+0-b1751.21-8125866) for windows-amd64 JRE (11.0.13+0-b1751.21-8125866), built on Feb  2 2022 03:00:22 by "builder" with MS VC++ 14.0 (VS2015)

END.
